[debug] [2020-06-23T05:22:36.468Z] ----------------------------------------------------------------------
[debug] [2020-06-23T05:22:36.470Z] Command:       /usr/local/bin/node /usr/local/bin/firebase emulators:start
[debug] [2020-06-23T05:22:36.470Z] CLI Version:   8.4.3
[debug] [2020-06-23T05:22:36.470Z] Platform:      darwin
[debug] [2020-06-23T05:22:36.470Z] Node Version:  v12.18.0
[debug] [2020-06-23T05:22:36.471Z] Time:          Mon Jun 22 2020 22:22:36 GMT-0700 (Pacific Daylight Time)
[debug] [2020-06-23T05:22:36.471Z] ----------------------------------------------------------------------
[debug] [2020-06-23T05:22:36.471Z] 
[debug] [2020-06-23T05:22:36.479Z] > command requires scopes: ["email","openid","https://www.googleapis.com/auth/cloudplatformprojects.readonly","https://www.googleapis.com/auth/firebase","https://www.googleapis.com/auth/cloud-platform"]
[debug] [2020-06-23T05:22:36.479Z] > authorizing via signed-in user
[info] i  emulators: Starting emulators: functions {"metadata":{"emulator":{"name":"hub"},"message":"Starting emulators: functions"}}
[debug] [2020-06-23T05:22:36.500Z] [hub] writing locator at /var/folders/ld/_pf9w8rx5hxglngzpsh25blr0000gn/T/hub-jennies-goodies.json
[warn] ⚠  Your requested "node" version "8" doesn't match your global version "12" {"metadata":{"emulator":{"name":"functions"},"message":"Your requested \"node\" version \"8\" doesn't match your global version \"12\""}}
[debug] [2020-06-23T05:22:36.548Z] Ignoring unsupported arg: auto_download {"metadata":{"emulator":{"name":"ui"},"message":"Ignoring unsupported arg: auto_download"}}
[debug] [2020-06-23T05:22:36.549Z] Ignoring unsupported arg: port {"metadata":{"emulator":{"name":"ui"},"message":"Ignoring unsupported arg: port"}}
[debug] [2020-06-23T05:22:36.549Z] Starting Emulator UI with command {"binary":"node","args":["/Users/huynhkev/.cache/firebase/emulators/ui-v1.1.0/server.bundle.js"],"optionalArgs":[],"joinArgs":false} {"metadata":{"emulator":{"name":"ui"},"message":"Starting Emulator UI with command {\"binary\":\"node\",\"args\":[\"/Users/huynhkev/.cache/firebase/emulators/ui-v1.1.0/server.bundle.js\"],\"optionalArgs\":[],\"joinArgs\":false}"}}
[info] i  ui: Emulator UI logging to ui-debug.log {"metadata":{"emulator":{"name":"ui"},"message":"Emulator UI logging to \u001b[1mui-debug.log\u001b[22m"}}
[debug] [2020-06-23T05:22:36.654Z] Web / API server started at http://localhost:4000
 {"metadata":{"emulator":{"name":"ui"},"message":"Web / API server started at http://localhost:4000\n"}}
[info] i  functions: Watching "/Users/huynhkev/Documents/projects/jennies-goodies/functions" for Cloud Functions... {"metadata":{"emulator":{"name":"functions"},"message":"Watching \"/Users/huynhkev/Documents/projects/jennies-goodies/functions\" for Cloud Functions..."}}
[debug] [2020-06-23T05:22:36.824Z] [worker-pool] addWorker(~diagnostic~) {"metadata":{"emulator":{"name":"functions"},"message":"[worker-pool] addWorker(~diagnostic~)"}}
[debug] [2020-06-23T05:22:36.825Z] [worker-pool] Adding worker with key ~diagnostic~, total=1 {"metadata":{"emulator":{"name":"functions"},"message":"[worker-pool] Adding worker with key ~diagnostic~, total=1"}}
[debug] [2020-06-23T05:22:36.825Z] [worker-pool] submitWork(triggerId=) {"metadata":{"emulator":{"name":"functions"},"message":"[worker-pool] submitWork(triggerId=)"}}
[debug] [2020-06-23T05:22:36.825Z] [worker-~diagnostic~-cb0a5407-f4fd-414a-8ba0-a2ff3b62c34d]: Assigning socketPath: /var/folders/ld/_pf9w8rx5hxglngzpsh25blr0000gn/T/fire_emu_10411.sock {"metadata":{"emulator":{"name":"functions"},"message":"[worker-~diagnostic~-cb0a5407-f4fd-414a-8ba0-a2ff3b62c34d]: Assigning socketPath: /var/folders/ld/_pf9w8rx5hxglngzpsh25blr0000gn/T/fire_emu_10411.sock"}}
[debug] [2020-06-23T05:22:36.826Z] [worker-~diagnostic~-cb0a5407-f4fd-414a-8ba0-a2ff3b62c34d]: BUSY {"metadata":{"emulator":{"name":"functions"},"message":"[worker-~diagnostic~-cb0a5407-f4fd-414a-8ba0-a2ff3b62c34d]: BUSY"}}
[debug] [2020-06-23T05:22:37.158Z] [runtime-status] [10411] Functions runtime initialized. {"cwd":"/Users/huynhkev/Documents/projects/jennies-goodies/functions","node_version":"12.18.0"} {"metadata":{"emulator":{"name":"functions"},"message":"[runtime-status] [10411] Functions runtime initialized. {\"cwd\":\"/Users/huynhkev/Documents/projects/jennies-goodies/functions\",\"node_version\":\"12.18.0\"}"}}
[debug] [2020-06-23T05:22:37.159Z] [runtime-status] [10411] Disabled runtime features: undefined {"metadata":{"emulator":{"name":"functions"},"message":"[runtime-status] [10411] Disabled runtime features: undefined"}}
[debug] [2020-06-23T05:22:37.163Z] [runtime-status] [10411] Resolved module firebase-admin {"declared":true,"installed":true,"version":"8.12.1","resolution":"/Users/huynhkev/Documents/projects/jennies-goodies/functions/node_modules/firebase-admin/lib/index.js"} {"metadata":{"emulator":{"name":"functions"},"message":"[runtime-status] [10411] Resolved module firebase-admin {\"declared\":true,\"installed\":true,\"version\":\"8.12.1\",\"resolution\":\"/Users/huynhkev/Documents/projects/jennies-goodies/functions/node_modules/firebase-admin/lib/index.js\"}"}}
[debug] [2020-06-23T05:22:37.163Z] [runtime-status] [10411] Resolved module firebase-functions {"declared":true,"installed":true,"version":"3.7.0","resolution":"/Users/huynhkev/Documents/projects/jennies-goodies/functions/node_modules/firebase-functions/lib/index.js"} {"metadata":{"emulator":{"name":"functions"},"message":"[runtime-status] [10411] Resolved module firebase-functions {\"declared\":true,\"installed\":true,\"version\":\"3.7.0\",\"resolution\":\"/Users/huynhkev/Documents/projects/jennies-goodies/functions/node_modules/firebase-functions/lib/index.js\"}"}}
[debug] [2020-06-23T05:22:37.166Z] [runtime-status] [10411] Outgoing network have been stubbed. [{"name":"http","status":"mocked"},{"name":"http","status":"mocked"},{"name":"https","status":"mocked"},{"name":"https","status":"mocked"},{"name":"net","status":"mocked"}] {"metadata":{"emulator":{"name":"functions"},"message":"[runtime-status] [10411] Outgoing network have been stubbed. [{\"name\":\"http\",\"status\":\"mocked\"},{\"name\":\"http\",\"status\":\"mocked\"},{\"name\":\"https\",\"status\":\"mocked\"},{\"name\":\"https\",\"status\":\"mocked\"},{\"name\":\"net\",\"status\":\"mocked\"}]"}}
[debug] [2020-06-23T05:22:37.167Z] [runtime-status] [10411] Resolved module firebase-functions {"declared":true,"installed":true,"version":"3.7.0","resolution":"/Users/huynhkev/Documents/projects/jennies-goodies/functions/node_modules/firebase-functions/lib/index.js"} {"metadata":{"emulator":{"name":"functions"},"message":"[runtime-status] [10411] Resolved module firebase-functions {\"declared\":true,\"installed\":true,\"version\":\"3.7.0\",\"resolution\":\"/Users/huynhkev/Documents/projects/jennies-goodies/functions/node_modules/firebase-functions/lib/index.js\"}"}}
[debug] [2020-06-23T05:22:37.339Z] [runtime-status] [10411] Checked functions.config() {"config":{}} {"metadata":{"emulator":{"name":"functions"},"message":"[runtime-status] [10411] Checked functions.config() {\"config\":{}}"}}
[debug] [2020-06-23T05:22:37.339Z] [runtime-status] [10411] firebase-functions has been stubbed. {"functionsResolution":{"declared":true,"installed":true,"version":"3.7.0","resolution":"/Users/huynhkev/Documents/projects/jennies-goodies/functions/node_modules/firebase-functions/lib/index.js"}} {"metadata":{"emulator":{"name":"functions"},"message":"[runtime-status] [10411] firebase-functions has been stubbed. {\"functionsResolution\":{\"declared\":true,\"installed\":true,\"version\":\"3.7.0\",\"resolution\":\"/Users/huynhkev/Documents/projects/jennies-goodies/functions/node_modules/firebase-functions/lib/index.js\"}}"}}
[debug] [2020-06-23T05:22:37.339Z] [runtime-status] [10411] Resolved module firebase-functions {"declared":true,"installed":true,"version":"3.7.0","resolution":"/Users/huynhkev/Documents/projects/jennies-goodies/functions/node_modules/firebase-functions/lib/index.js"} {"metadata":{"emulator":{"name":"functions"},"message":"[runtime-status] [10411] Resolved module firebase-functions {\"declared\":true,\"installed\":true,\"version\":\"3.7.0\",\"resolution\":\"/Users/huynhkev/Documents/projects/jennies-goodies/functions/node_modules/firebase-functions/lib/index.js\"}"}}
[debug] [2020-06-23T05:22:37.340Z] [runtime-status] [10411] Resolved module firebase-admin {"declared":true,"installed":true,"version":"8.12.1","resolution":"/Users/huynhkev/Documents/projects/jennies-goodies/functions/node_modules/firebase-admin/lib/index.js"} {"metadata":{"emulator":{"name":"functions"},"message":"[runtime-status] [10411] Resolved module firebase-admin {\"declared\":true,\"installed\":true,\"version\":\"8.12.1\",\"resolution\":\"/Users/huynhkev/Documents/projects/jennies-goodies/functions/node_modules/firebase-admin/lib/index.js\"}"}}
[debug] [2020-06-23T05:22:37.340Z] [runtime-status] [10411] Resolved module firebase-functions {"declared":true,"installed":true,"version":"3.7.0","resolution":"/Users/huynhkev/Documents/projects/jennies-goodies/functions/node_modules/firebase-functions/lib/index.js"} {"metadata":{"emulator":{"name":"functions"},"message":"[runtime-status] [10411] Resolved module firebase-functions {\"declared\":true,\"installed\":true,\"version\":\"3.7.0\",\"resolution\":\"/Users/huynhkev/Documents/projects/jennies-goodies/functions/node_modules/firebase-functions/lib/index.js\"}"}}
[debug] [2020-06-23T05:22:37.341Z] [runtime-status] [10411] firebase-admin has been stubbed. {"adminResolution":{"declared":true,"installed":true,"version":"8.12.1","resolution":"/Users/huynhkev/Documents/projects/jennies-goodies/functions/node_modules/firebase-admin/lib/index.js"}} {"metadata":{"emulator":{"name":"functions"},"message":"[runtime-status] [10411] firebase-admin has been stubbed. {\"adminResolution\":{\"declared\":true,\"installed\":true,\"version\":\"8.12.1\",\"resolution\":\"/Users/huynhkev/Documents/projects/jennies-goodies/functions/node_modules/firebase-admin/lib/index.js\"}}"}}
[info] ✔  functions[helloWorld]: http function initialized (http://localhost:5001/jennies-goodies/us-central1/helloWorld). {"metadata":{"emulator":{"name":"functions"},"message":"\u001b[1mhttp\u001b[22m function initialized (http://localhost:5001/jennies-goodies/us-central1/helloWorld)."}}
[info] ✔  functions[getGeoCoordinates]: http function initialized (http://localhost:5001/jennies-goodies/us-central1/getGeoCoordinates). {"metadata":{"emulator":{"name":"functions"},"message":"\u001b[1mhttp\u001b[22m function initialized (http://localhost:5001/jennies-goodies/us-central1/getGeoCoordinates)."}}
[info] ✔  functions[getDistance]: http function initialized (http://localhost:5001/jennies-goodies/us-central1/getDistance). {"metadata":{"emulator":{"name":"functions"},"message":"\u001b[1mhttp\u001b[22m function initialized (http://localhost:5001/jennies-goodies/us-central1/getDistance)."}}
[info] 
┌───────────────────────────────────────────────────────────────────────┐
│ ✔  All emulators ready! View status and logs at http://localhost:4000 │
└───────────────────────────────────────────────────────────────────────┘

┌───────────┬────────────────┬─────────────────────────────────┐
│ Emulator  │ Host:Port      │ View in Emulator UI             │
├───────────┼────────────────┼─────────────────────────────────┤
│ Functions │ localhost:5001 │ http://localhost:4000/functions │
└───────────┴────────────────┴─────────────────────────────────┘
  Other reserved ports: 4400, 4500

Issues? Report them at https://github.com/firebase/firebase-tools/issues and attach the *-debug.log files.
 
[debug] [2020-06-23T05:22:37.424Z] [worker-~diagnostic~-cb0a5407-f4fd-414a-8ba0-a2ff3b62c34d]: IDLE {"metadata":{"emulator":{"name":"functions"},"message":"[worker-~diagnostic~-cb0a5407-f4fd-414a-8ba0-a2ff3b62c34d]: IDLE"}}
[debug] [2020-06-23T05:22:43.049Z] [work-queue] {"queueLength":1,"workRunningCount":0}
[debug] [2020-06-23T05:22:43.049Z] [work-queue] {"queueLength":0,"workRunningCount":1}
[debug] [2020-06-23T05:22:43.050Z] Accepted request OPTIONS /jennies-goodies/us-central1/getGeoCoordinates --> getGeoCoordinates
[debug] [2020-06-23T05:22:43.063Z] [worker-pool] addWorker(getGeoCoordinates) {"metadata":{"emulator":{"name":"functions"},"message":"[worker-pool] addWorker(getGeoCoordinates)"}}
[debug] [2020-06-23T05:22:43.063Z] [worker-pool] Adding worker with key getGeoCoordinates, total=1 {"metadata":{"emulator":{"name":"functions"},"message":"[worker-pool] Adding worker with key getGeoCoordinates, total=1"}}
[debug] [2020-06-23T05:22:43.064Z] [worker-pool] submitWork(triggerId=getGeoCoordinates) {"metadata":{"emulator":{"name":"functions"},"message":"[worker-pool] submitWork(triggerId=getGeoCoordinates)"}}
[debug] [2020-06-23T05:22:43.064Z] [worker-getGeoCoordinates-90d0656f-f780-43fd-a726-5d77e556beb9]: Assigning socketPath: /var/folders/ld/_pf9w8rx5hxglngzpsh25blr0000gn/T/fire_emu_10422.sock {"metadata":{"emulator":{"name":"functions"},"message":"[worker-getGeoCoordinates-90d0656f-f780-43fd-a726-5d77e556beb9]: Assigning socketPath: /var/folders/ld/_pf9w8rx5hxglngzpsh25blr0000gn/T/fire_emu_10422.sock"}}
[debug] [2020-06-23T05:22:43.064Z] [worker-getGeoCoordinates-90d0656f-f780-43fd-a726-5d77e556beb9]: BUSY {"metadata":{"emulator":{"name":"functions"},"message":"[worker-getGeoCoordinates-90d0656f-f780-43fd-a726-5d77e556beb9]: BUSY"}}
[debug] [2020-06-23T05:22:43.068Z] [work-queue] {"queueLength":1,"workRunningCount":1}
[debug] [2020-06-23T05:22:43.068Z] [work-queue] {"queueLength":0,"workRunningCount":2}
[debug] [2020-06-23T05:22:43.068Z] Accepted request OPTIONS /jennies-goodies/us-central1/getDistance --> getDistance
[debug] [2020-06-23T05:22:43.075Z] [worker-pool] addWorker(getDistance) {"metadata":{"emulator":{"name":"functions"},"message":"[worker-pool] addWorker(getDistance)"}}
[debug] [2020-06-23T05:22:43.075Z] [worker-pool] Adding worker with key getDistance, total=1 {"metadata":{"emulator":{"name":"functions"},"message":"[worker-pool] Adding worker with key getDistance, total=1"}}
[debug] [2020-06-23T05:22:43.075Z] [worker-pool] submitWork(triggerId=getDistance) {"metadata":{"emulator":{"name":"functions"},"message":"[worker-pool] submitWork(triggerId=getDistance)"}}
[debug] [2020-06-23T05:22:43.076Z] [worker-getDistance-927adf82-36b4-4e81-b5ce-d21e8dc60263]: Assigning socketPath: /var/folders/ld/_pf9w8rx5hxglngzpsh25blr0000gn/T/fire_emu_10423.sock {"metadata":{"emulator":{"name":"functions"},"message":"[worker-getDistance-927adf82-36b4-4e81-b5ce-d21e8dc60263]: Assigning socketPath: /var/folders/ld/_pf9w8rx5hxglngzpsh25blr0000gn/T/fire_emu_10423.sock"}}
[debug] [2020-06-23T05:22:43.076Z] [worker-getDistance-927adf82-36b4-4e81-b5ce-d21e8dc60263]: BUSY {"metadata":{"emulator":{"name":"functions"},"message":"[worker-getDistance-927adf82-36b4-4e81-b5ce-d21e8dc60263]: BUSY"}}
[debug] [2020-06-23T05:22:43.715Z] [runtime-status] [10423] Functions runtime initialized. {"cwd":"/Users/huynhkev/Documents/projects/jennies-goodies/functions","node_version":"12.18.0"} {"metadata":{"emulator":{"name":"functions"},"function":{"name":"getDistance"},"message":"[runtime-status] [10423] Functions runtime initialized. {\"cwd\":\"/Users/huynhkev/Documents/projects/jennies-goodies/functions\",\"node_version\":\"12.18.0\"}"}}
[debug] [2020-06-23T05:22:43.717Z] [runtime-status] [10423] Disabled runtime features: undefined {"metadata":{"emulator":{"name":"functions"},"function":{"name":"getDistance"},"message":"[runtime-status] [10423] Disabled runtime features: undefined"}}
[debug] [2020-06-23T05:22:43.720Z] [runtime-status] [10423] Resolved module firebase-admin {"declared":true,"installed":true,"version":"8.12.1","resolution":"/Users/huynhkev/Documents/projects/jennies-goodies/functions/node_modules/firebase-admin/lib/index.js"} {"metadata":{"emulator":{"name":"functions"},"function":{"name":"getDistance"},"message":"[runtime-status] [10423] Resolved module firebase-admin {\"declared\":true,\"installed\":true,\"version\":\"8.12.1\",\"resolution\":\"/Users/huynhkev/Documents/projects/jennies-goodies/functions/node_modules/firebase-admin/lib/index.js\"}"}}
[debug] [2020-06-23T05:22:43.720Z] [runtime-status] [10423] Resolved module firebase-functions {"declared":true,"installed":true,"version":"3.7.0","resolution":"/Users/huynhkev/Documents/projects/jennies-goodies/functions/node_modules/firebase-functions/lib/index.js"} {"metadata":{"emulator":{"name":"functions"},"function":{"name":"getDistance"},"message":"[runtime-status] [10423] Resolved module firebase-functions {\"declared\":true,\"installed\":true,\"version\":\"3.7.0\",\"resolution\":\"/Users/huynhkev/Documents/projects/jennies-goodies/functions/node_modules/firebase-functions/lib/index.js\"}"}}
[debug] [2020-06-23T05:22:43.722Z] [runtime-status] [10423] Outgoing network have been stubbed. [{"name":"http","status":"mocked"},{"name":"http","status":"mocked"},{"name":"https","status":"mocked"},{"name":"https","status":"mocked"},{"name":"net","status":"mocked"}] {"metadata":{"emulator":{"name":"functions"},"function":{"name":"getDistance"},"message":"[runtime-status] [10423] Outgoing network have been stubbed. [{\"name\":\"http\",\"status\":\"mocked\"},{\"name\":\"http\",\"status\":\"mocked\"},{\"name\":\"https\",\"status\":\"mocked\"},{\"name\":\"https\",\"status\":\"mocked\"},{\"name\":\"net\",\"status\":\"mocked\"}]"}}
[debug] [2020-06-23T05:22:43.723Z] [runtime-status] [10423] Resolved module firebase-functions {"declared":true,"installed":true,"version":"3.7.0","resolution":"/Users/huynhkev/Documents/projects/jennies-goodies/functions/node_modules/firebase-functions/lib/index.js"} {"metadata":{"emulator":{"name":"functions"},"function":{"name":"getDistance"},"message":"[runtime-status] [10423] Resolved module firebase-functions {\"declared\":true,\"installed\":true,\"version\":\"3.7.0\",\"resolution\":\"/Users/huynhkev/Documents/projects/jennies-goodies/functions/node_modules/firebase-functions/lib/index.js\"}"}}
[debug] [2020-06-23T05:22:43.750Z] [runtime-status] [10422] Functions runtime initialized. {"cwd":"/Users/huynhkev/Documents/projects/jennies-goodies/functions","node_version":"12.18.0"} {"metadata":{"emulator":{"name":"functions"},"function":{"name":"getGeoCoordinates"},"message":"[runtime-status] [10422] Functions runtime initialized. {\"cwd\":\"/Users/huynhkev/Documents/projects/jennies-goodies/functions\",\"node_version\":\"12.18.0\"}"}}
[debug] [2020-06-23T05:22:43.751Z] [runtime-status] [10422] Disabled runtime features: undefined {"metadata":{"emulator":{"name":"functions"},"function":{"name":"getGeoCoordinates"},"message":"[runtime-status] [10422] Disabled runtime features: undefined"}}
[debug] [2020-06-23T05:22:43.753Z] [runtime-status] [10422] Resolved module firebase-admin {"declared":true,"installed":true,"version":"8.12.1","resolution":"/Users/huynhkev/Documents/projects/jennies-goodies/functions/node_modules/firebase-admin/lib/index.js"} {"metadata":{"emulator":{"name":"functions"},"function":{"name":"getGeoCoordinates"},"message":"[runtime-status] [10422] Resolved module firebase-admin {\"declared\":true,\"installed\":true,\"version\":\"8.12.1\",\"resolution\":\"/Users/huynhkev/Documents/projects/jennies-goodies/functions/node_modules/firebase-admin/lib/index.js\"}"}}
[debug] [2020-06-23T05:22:43.754Z] [runtime-status] [10422] Resolved module firebase-functions {"declared":true,"installed":true,"version":"3.7.0","resolution":"/Users/huynhkev/Documents/projects/jennies-goodies/functions/node_modules/firebase-functions/lib/index.js"} {"metadata":{"emulator":{"name":"functions"},"function":{"name":"getGeoCoordinates"},"message":"[runtime-status] [10422] Resolved module firebase-functions {\"declared\":true,\"installed\":true,\"version\":\"3.7.0\",\"resolution\":\"/Users/huynhkev/Documents/projects/jennies-goodies/functions/node_modules/firebase-functions/lib/index.js\"}"}}
[debug] [2020-06-23T05:22:43.756Z] [runtime-status] [10422] Outgoing network have been stubbed. [{"name":"http","status":"mocked"},{"name":"http","status":"mocked"},{"name":"https","status":"mocked"},{"name":"https","status":"mocked"},{"name":"net","status":"mocked"}] {"metadata":{"emulator":{"name":"functions"},"function":{"name":"getGeoCoordinates"},"message":"[runtime-status] [10422] Outgoing network have been stubbed. [{\"name\":\"http\",\"status\":\"mocked\"},{\"name\":\"http\",\"status\":\"mocked\"},{\"name\":\"https\",\"status\":\"mocked\"},{\"name\":\"https\",\"status\":\"mocked\"},{\"name\":\"net\",\"status\":\"mocked\"}]"}}
[debug] [2020-06-23T05:22:43.756Z] [runtime-status] [10422] Resolved module firebase-functions {"declared":true,"installed":true,"version":"3.7.0","resolution":"/Users/huynhkev/Documents/projects/jennies-goodies/functions/node_modules/firebase-functions/lib/index.js"} {"metadata":{"emulator":{"name":"functions"},"function":{"name":"getGeoCoordinates"},"message":"[runtime-status] [10422] Resolved module firebase-functions {\"declared\":true,\"installed\":true,\"version\":\"3.7.0\",\"resolution\":\"/Users/huynhkev/Documents/projects/jennies-goodies/functions/node_modules/firebase-functions/lib/index.js\"}"}}
[debug] [2020-06-23T05:22:43.765Z] [runtime-status] [10423] Checked functions.config() {"config":{}} {"metadata":{"emulator":{"name":"functions"},"function":{"name":"getDistance"},"message":"[runtime-status] [10423] Checked functions.config() {\"config\":{}}"}}
[debug] [2020-06-23T05:22:43.765Z] [runtime-status] [10423] firebase-functions has been stubbed. {"functionsResolution":{"declared":true,"installed":true,"version":"3.7.0","resolution":"/Users/huynhkev/Documents/projects/jennies-goodies/functions/node_modules/firebase-functions/lib/index.js"}} {"metadata":{"emulator":{"name":"functions"},"function":{"name":"getDistance"},"message":"[runtime-status] [10423] firebase-functions has been stubbed. {\"functionsResolution\":{\"declared\":true,\"installed\":true,\"version\":\"3.7.0\",\"resolution\":\"/Users/huynhkev/Documents/projects/jennies-goodies/functions/node_modules/firebase-functions/lib/index.js\"}}"}}
[debug] [2020-06-23T05:22:43.766Z] [runtime-status] [10423] Resolved module firebase-functions {"declared":true,"installed":true,"version":"3.7.0","resolution":"/Users/huynhkev/Documents/projects/jennies-goodies/functions/node_modules/firebase-functions/lib/index.js"} {"metadata":{"emulator":{"name":"functions"},"function":{"name":"getDistance"},"message":"[runtime-status] [10423] Resolved module firebase-functions {\"declared\":true,\"installed\":true,\"version\":\"3.7.0\",\"resolution\":\"/Users/huynhkev/Documents/projects/jennies-goodies/functions/node_modules/firebase-functions/lib/index.js\"}"}}
[debug] [2020-06-23T05:22:43.768Z] [runtime-status] [10423] Resolved module firebase-admin {"declared":true,"installed":true,"version":"8.12.1","resolution":"/Users/huynhkev/Documents/projects/jennies-goodies/functions/node_modules/firebase-admin/lib/index.js"} {"metadata":{"emulator":{"name":"functions"},"function":{"name":"getDistance"},"message":"[runtime-status] [10423] Resolved module firebase-admin {\"declared\":true,\"installed\":true,\"version\":\"8.12.1\",\"resolution\":\"/Users/huynhkev/Documents/projects/jennies-goodies/functions/node_modules/firebase-admin/lib/index.js\"}"}}
[debug] [2020-06-23T05:22:43.769Z] [runtime-status] [10423] Resolved module firebase-functions {"declared":true,"installed":true,"version":"3.7.0","resolution":"/Users/huynhkev/Documents/projects/jennies-goodies/functions/node_modules/firebase-functions/lib/index.js"} {"metadata":{"emulator":{"name":"functions"},"function":{"name":"getDistance"},"message":"[runtime-status] [10423] Resolved module firebase-functions {\"declared\":true,\"installed\":true,\"version\":\"3.7.0\",\"resolution\":\"/Users/huynhkev/Documents/projects/jennies-goodies/functions/node_modules/firebase-functions/lib/index.js\"}"}}
[debug] [2020-06-23T05:22:43.769Z] [runtime-status] [10423] firebase-admin has been stubbed. {"adminResolution":{"declared":true,"installed":true,"version":"8.12.1","resolution":"/Users/huynhkev/Documents/projects/jennies-goodies/functions/node_modules/firebase-admin/lib/index.js"}} {"metadata":{"emulator":{"name":"functions"},"function":{"name":"getDistance"},"message":"[runtime-status] [10423] firebase-admin has been stubbed. {\"adminResolution\":{\"declared\":true,\"installed\":true,\"version\":\"8.12.1\",\"resolution\":\"/Users/huynhkev/Documents/projects/jennies-goodies/functions/node_modules/firebase-admin/lib/index.js\"}}"}}
[debug] [2020-06-23T05:22:43.787Z] [runtime-status] [10422] Checked functions.config() {"config":{}} {"metadata":{"emulator":{"name":"functions"},"function":{"name":"getGeoCoordinates"},"message":"[runtime-status] [10422] Checked functions.config() {\"config\":{}}"}}
[debug] [2020-06-23T05:22:43.787Z] [runtime-status] [10422] firebase-functions has been stubbed. {"functionsResolution":{"declared":true,"installed":true,"version":"3.7.0","resolution":"/Users/huynhkev/Documents/projects/jennies-goodies/functions/node_modules/firebase-functions/lib/index.js"}} {"metadata":{"emulator":{"name":"functions"},"function":{"name":"getGeoCoordinates"},"message":"[runtime-status] [10422] firebase-functions has been stubbed. {\"functionsResolution\":{\"declared\":true,\"installed\":true,\"version\":\"3.7.0\",\"resolution\":\"/Users/huynhkev/Documents/projects/jennies-goodies/functions/node_modules/firebase-functions/lib/index.js\"}}"}}
[debug] [2020-06-23T05:22:43.787Z] [runtime-status] [10422] Resolved module firebase-functions {"declared":true,"installed":true,"version":"3.7.0","resolution":"/Users/huynhkev/Documents/projects/jennies-goodies/functions/node_modules/firebase-functions/lib/index.js"} {"metadata":{"emulator":{"name":"functions"},"function":{"name":"getGeoCoordinates"},"message":"[runtime-status] [10422] Resolved module firebase-functions {\"declared\":true,\"installed\":true,\"version\":\"3.7.0\",\"resolution\":\"/Users/huynhkev/Documents/projects/jennies-goodies/functions/node_modules/firebase-functions/lib/index.js\"}"}}
[debug] [2020-06-23T05:22:43.788Z] [runtime-status] [10422] Resolved module firebase-admin {"declared":true,"installed":true,"version":"8.12.1","resolution":"/Users/huynhkev/Documents/projects/jennies-goodies/functions/node_modules/firebase-admin/lib/index.js"} {"metadata":{"emulator":{"name":"functions"},"function":{"name":"getGeoCoordinates"},"message":"[runtime-status] [10422] Resolved module firebase-admin {\"declared\":true,\"installed\":true,\"version\":\"8.12.1\",\"resolution\":\"/Users/huynhkev/Documents/projects/jennies-goodies/functions/node_modules/firebase-admin/lib/index.js\"}"}}
[debug] [2020-06-23T05:22:43.788Z] [runtime-status] [10422] Resolved module firebase-functions {"declared":true,"installed":true,"version":"3.7.0","resolution":"/Users/huynhkev/Documents/projects/jennies-goodies/functions/node_modules/firebase-functions/lib/index.js"} {"metadata":{"emulator":{"name":"functions"},"function":{"name":"getGeoCoordinates"},"message":"[runtime-status] [10422] Resolved module firebase-functions {\"declared\":true,\"installed\":true,\"version\":\"3.7.0\",\"resolution\":\"/Users/huynhkev/Documents/projects/jennies-goodies/functions/node_modules/firebase-functions/lib/index.js\"}"}}
[debug] [2020-06-23T05:22:43.789Z] [runtime-status] [10422] firebase-admin has been stubbed. {"adminResolution":{"declared":true,"installed":true,"version":"8.12.1","resolution":"/Users/huynhkev/Documents/projects/jennies-goodies/functions/node_modules/firebase-admin/lib/index.js"}} {"metadata":{"emulator":{"name":"functions"},"function":{"name":"getGeoCoordinates"},"message":"[runtime-status] [10422] firebase-admin has been stubbed. {\"adminResolution\":{\"declared\":true,\"installed\":true,\"version\":\"8.12.1\",\"resolution\":\"/Users/huynhkev/Documents/projects/jennies-goodies/functions/node_modules/firebase-admin/lib/index.js\"}}"}}
[debug] [2020-06-23T05:22:43.799Z] [runtime-status] [10423] Trigger "getDistance" has been found, beginning invocation! {"metadata":{"emulator":{"name":"functions"},"function":{"name":"getDistance"},"message":"[runtime-status] [10423] Trigger \"getDistance\" has been found, beginning invocation!"}}
[info] i  functions: Beginning execution of "getDistance" {"metadata":{"emulator":{"name":"functions"},"function":{"name":"getDistance"},"message":"Beginning execution of \"getDistance\""}}
[debug] [2020-06-23T05:22:43.801Z] [runtime-status] [10423] triggerDefinition {"httpsTrigger":{},"name":"getDistance","entryPoint":"getDistance"} {"metadata":{"emulator":{"name":"functions"},"function":{"name":"getDistance"},"message":"[runtime-status] [10423] triggerDefinition {\"httpsTrigger\":{},\"name\":\"getDistance\",\"entryPoint\":\"getDistance\"}"}}
[debug] [2020-06-23T05:22:43.801Z] [runtime-status] [10423] Running getDistance in mode HTTPS {"metadata":{"emulator":{"name":"functions"},"function":{"name":"getDistance"},"message":"[runtime-status] [10423] Running getDistance in mode HTTPS"}}
[debug] [2020-06-23T05:22:43.804Z] [runtime-status] [10423] Attempting to listen to socketPath: /var/folders/ld/_pf9w8rx5hxglngzpsh25blr0000gn/T/fire_emu_10423.sock {"metadata":{"emulator":{"name":"functions"},"function":{"name":"getDistance"},"message":"[runtime-status] [10423] Attempting to listen to socketPath: /var/folders/ld/_pf9w8rx5hxglngzpsh25blr0000gn/T/fire_emu_10423.sock"}}
[debug] [2020-06-23T05:22:43.808Z] [functions] Runtime ready! Sending request! {"metadata":{"emulator":{"name":"functions"},"message":"[functions] Runtime ready! Sending request!"}}
[debug] [2020-06-23T05:22:43.815Z] [runtime-status] [10422] Trigger "getGeoCoordinates" has been found, beginning invocation! {"metadata":{"emulator":{"name":"functions"},"function":{"name":"getGeoCoordinates"},"message":"[runtime-status] [10422] Trigger \"getGeoCoordinates\" has been found, beginning invocation!"}}
[info] i  functions: Beginning execution of "getGeoCoordinates" {"metadata":{"emulator":{"name":"functions"},"function":{"name":"getGeoCoordinates"},"message":"Beginning execution of \"getGeoCoordinates\""}}
[debug] [2020-06-23T05:22:43.817Z] [runtime-status] [10422] triggerDefinition {"httpsTrigger":{},"name":"getGeoCoordinates","entryPoint":"getGeoCoordinates"} {"metadata":{"emulator":{"name":"functions"},"function":{"name":"getGeoCoordinates"},"message":"[runtime-status] [10422] triggerDefinition {\"httpsTrigger\":{},\"name\":\"getGeoCoordinates\",\"entryPoint\":\"getGeoCoordinates\"}"}}
[debug] [2020-06-23T05:22:43.817Z] [runtime-status] [10422] Running getGeoCoordinates in mode HTTPS {"metadata":{"emulator":{"name":"functions"},"function":{"name":"getGeoCoordinates"},"message":"[runtime-status] [10422] Running getGeoCoordinates in mode HTTPS"}}
[debug] [2020-06-23T05:22:43.821Z] [runtime-status] [10423] Ephemeral server handling OPTIONS request {"metadata":{"emulator":{"name":"functions"},"function":{"name":"getDistance"},"message":"[runtime-status] [10423] Ephemeral server handling OPTIONS request"}}
[debug] [2020-06-23T05:22:43.823Z] [runtime-status] [10422] Attempting to listen to socketPath: /var/folders/ld/_pf9w8rx5hxglngzpsh25blr0000gn/T/fire_emu_10422.sock {"metadata":{"emulator":{"name":"functions"},"function":{"name":"getGeoCoordinates"},"message":"[runtime-status] [10422] Attempting to listen to socketPath: /var/folders/ld/_pf9w8rx5hxglngzpsh25blr0000gn/T/fire_emu_10422.sock"}}
[info] >  undefined undefined {"user":"undefined undefined","metadata":{"emulator":{"name":"functions"},"function":{"name":"getDistance"},"message":"\u001b[90m> \u001b[39m undefined undefined"}}
[debug] [2020-06-23T05:22:43.832Z] [work-queue] {"queueLength":1,"workRunningCount":2}
[debug] [2020-06-23T05:22:43.833Z] [work-queue] {"queueLength":0,"workRunningCount":3}
[debug] [2020-06-23T05:22:43.833Z] Accepted request POST /jennies-goodies/us-central1/getDistance --> getDistance
[debug] [2020-06-23T05:22:43.837Z] [worker-pool] addWorker(getDistance) {"metadata":{"emulator":{"name":"functions"},"message":"[worker-pool] addWorker(getDistance)"}}
[debug] [2020-06-23T05:22:43.838Z] [worker-pool] Adding worker with key getDistance, total=2 {"metadata":{"emulator":{"name":"functions"},"message":"[worker-pool] Adding worker with key getDistance, total=2"}}
[debug] [2020-06-23T05:22:43.838Z] [worker-pool] submitWork(triggerId=getDistance) {"metadata":{"emulator":{"name":"functions"},"message":"[worker-pool] submitWork(triggerId=getDistance)"}}
[debug] [2020-06-23T05:22:43.838Z] [worker-getDistance-3bf957a2-9fb6-47e7-926f-a6e0ebbd0bb9]: Assigning socketPath: /var/folders/ld/_pf9w8rx5hxglngzpsh25blr0000gn/T/fire_emu_10424.sock {"metadata":{"emulator":{"name":"functions"},"message":"[worker-getDistance-3bf957a2-9fb6-47e7-926f-a6e0ebbd0bb9]: Assigning socketPath: /var/folders/ld/_pf9w8rx5hxglngzpsh25blr0000gn/T/fire_emu_10424.sock"}}
[debug] [2020-06-23T05:22:43.838Z] [worker-getDistance-3bf957a2-9fb6-47e7-926f-a6e0ebbd0bb9]: BUSY {"metadata":{"emulator":{"name":"functions"},"message":"[worker-getDistance-3bf957a2-9fb6-47e7-926f-a6e0ebbd0bb9]: BUSY"}}
[debug] [2020-06-23T05:22:43.840Z] [functions] Runtime ready! Sending request! {"metadata":{"emulator":{"name":"functions"},"message":"[functions] Runtime ready! Sending request!"}}
[debug] [2020-06-23T05:22:43.841Z] [runtime-status] [10423] Ephemeral server survived. {"metadata":{"emulator":{"name":"functions"},"function":{"name":"getDistance"},"message":"[runtime-status] [10423] Ephemeral server survived."}}
[info] i  functions: Finished "getDistance" in ~1s {"metadata":{"emulator":{"name":"functions"},"function":{"name":"getDistance"},"message":"Finished \"getDistance\" in ~1s"}}
[debug] [2020-06-23T05:22:43.849Z] [worker-getDistance-927adf82-36b4-4e81-b5ce-d21e8dc60263]: IDLE {"metadata":{"emulator":{"name":"functions"},"message":"[worker-getDistance-927adf82-36b4-4e81-b5ce-d21e8dc60263]: IDLE"}}
[debug] [2020-06-23T05:22:43.849Z] [work-queue] {"queueLength":0,"workRunningCount":2}
[debug] [2020-06-23T05:22:43.861Z] [runtime-status] [10422] Ephemeral server handling OPTIONS request {"metadata":{"emulator":{"name":"functions"},"function":{"name":"getGeoCoordinates"},"message":"[runtime-status] [10422] Ephemeral server handling OPTIONS request"}}
[debug] [2020-06-23T05:22:43.870Z] [runtime-status] [10422] Ephemeral server survived. {"metadata":{"emulator":{"name":"functions"},"function":{"name":"getGeoCoordinates"},"message":"[runtime-status] [10422] Ephemeral server survived."}}
[debug] [2020-06-23T05:22:43.871Z] [work-queue] {"queueLength":1,"workRunningCount":2}
[debug] [2020-06-23T05:22:43.871Z] [work-queue] {"queueLength":0,"workRunningCount":3}
[debug] [2020-06-23T05:22:43.871Z] Accepted request POST /jennies-goodies/us-central1/getGeoCoordinates --> getGeoCoordinates
[debug] [2020-06-23T05:22:43.876Z] [worker-pool] addWorker(getGeoCoordinates) {"metadata":{"emulator":{"name":"functions"},"message":"[worker-pool] addWorker(getGeoCoordinates)"}}
[debug] [2020-06-23T05:22:43.876Z] [worker-pool] Adding worker with key getGeoCoordinates, total=2 {"metadata":{"emulator":{"name":"functions"},"message":"[worker-pool] Adding worker with key getGeoCoordinates, total=2"}}
[debug] [2020-06-23T05:22:43.877Z] [worker-pool] submitWork(triggerId=getGeoCoordinates) {"metadata":{"emulator":{"name":"functions"},"message":"[worker-pool] submitWork(triggerId=getGeoCoordinates)"}}
[debug] [2020-06-23T05:22:43.877Z] [worker-getGeoCoordinates-46d9208c-c56e-4ac2-a21e-1f9ea616afa3]: Assigning socketPath: /var/folders/ld/_pf9w8rx5hxglngzpsh25blr0000gn/T/fire_emu_10425.sock {"metadata":{"emulator":{"name":"functions"},"message":"[worker-getGeoCoordinates-46d9208c-c56e-4ac2-a21e-1f9ea616afa3]: Assigning socketPath: /var/folders/ld/_pf9w8rx5hxglngzpsh25blr0000gn/T/fire_emu_10425.sock"}}
[debug] [2020-06-23T05:22:43.878Z] [worker-getGeoCoordinates-46d9208c-c56e-4ac2-a21e-1f9ea616afa3]: BUSY {"metadata":{"emulator":{"name":"functions"},"message":"[worker-getGeoCoordinates-46d9208c-c56e-4ac2-a21e-1f9ea616afa3]: BUSY"}}
[info] i  functions: Finished "getGeoCoordinates" in ~1s {"metadata":{"emulator":{"name":"functions"},"function":{"name":"getGeoCoordinates"},"message":"Finished \"getGeoCoordinates\" in ~1s"}}
[debug] [2020-06-23T05:22:43.880Z] [worker-getGeoCoordinates-90d0656f-f780-43fd-a726-5d77e556beb9]: IDLE {"metadata":{"emulator":{"name":"functions"},"message":"[worker-getGeoCoordinates-90d0656f-f780-43fd-a726-5d77e556beb9]: IDLE"}}
[debug] [2020-06-23T05:22:43.881Z] [work-queue] {"queueLength":0,"workRunningCount":2}
[debug] [2020-06-23T05:22:44.128Z] [runtime-status] [10424] Functions runtime initialized. {"cwd":"/Users/huynhkev/Documents/projects/jennies-goodies/functions","node_version":"12.18.0"} {"metadata":{"emulator":{"name":"functions"},"function":{"name":"getDistance"},"message":"[runtime-status] [10424] Functions runtime initialized. {\"cwd\":\"/Users/huynhkev/Documents/projects/jennies-goodies/functions\",\"node_version\":\"12.18.0\"}"}}
[debug] [2020-06-23T05:22:44.130Z] [runtime-status] [10424] Disabled runtime features: undefined {"metadata":{"emulator":{"name":"functions"},"function":{"name":"getDistance"},"message":"[runtime-status] [10424] Disabled runtime features: undefined"}}
[debug] [2020-06-23T05:22:44.131Z] [runtime-status] [10424] Resolved module firebase-admin {"declared":true,"installed":true,"version":"8.12.1","resolution":"/Users/huynhkev/Documents/projects/jennies-goodies/functions/node_modules/firebase-admin/lib/index.js"} {"metadata":{"emulator":{"name":"functions"},"function":{"name":"getDistance"},"message":"[runtime-status] [10424] Resolved module firebase-admin {\"declared\":true,\"installed\":true,\"version\":\"8.12.1\",\"resolution\":\"/Users/huynhkev/Documents/projects/jennies-goodies/functions/node_modules/firebase-admin/lib/index.js\"}"}}
[debug] [2020-06-23T05:22:44.133Z] [runtime-status] [10424] Resolved module firebase-functions {"declared":true,"installed":true,"version":"3.7.0","resolution":"/Users/huynhkev/Documents/projects/jennies-goodies/functions/node_modules/firebase-functions/lib/index.js"} {"metadata":{"emulator":{"name":"functions"},"function":{"name":"getDistance"},"message":"[runtime-status] [10424] Resolved module firebase-functions {\"declared\":true,\"installed\":true,\"version\":\"3.7.0\",\"resolution\":\"/Users/huynhkev/Documents/projects/jennies-goodies/functions/node_modules/firebase-functions/lib/index.js\"}"}}
[debug] [2020-06-23T05:22:44.136Z] [runtime-status] [10424] Outgoing network have been stubbed. [{"name":"http","status":"mocked"},{"name":"http","status":"mocked"},{"name":"https","status":"mocked"},{"name":"https","status":"mocked"},{"name":"net","status":"mocked"}] {"metadata":{"emulator":{"name":"functions"},"function":{"name":"getDistance"},"message":"[runtime-status] [10424] Outgoing network have been stubbed. [{\"name\":\"http\",\"status\":\"mocked\"},{\"name\":\"http\",\"status\":\"mocked\"},{\"name\":\"https\",\"status\":\"mocked\"},{\"name\":\"https\",\"status\":\"mocked\"},{\"name\":\"net\",\"status\":\"mocked\"}]"}}
[debug] [2020-06-23T05:22:44.136Z] [runtime-status] [10424] Resolved module firebase-functions {"declared":true,"installed":true,"version":"3.7.0","resolution":"/Users/huynhkev/Documents/projects/jennies-goodies/functions/node_modules/firebase-functions/lib/index.js"} {"metadata":{"emulator":{"name":"functions"},"function":{"name":"getDistance"},"message":"[runtime-status] [10424] Resolved module firebase-functions {\"declared\":true,\"installed\":true,\"version\":\"3.7.0\",\"resolution\":\"/Users/huynhkev/Documents/projects/jennies-goodies/functions/node_modules/firebase-functions/lib/index.js\"}"}}
[debug] [2020-06-23T05:22:44.206Z] [runtime-status] [10424] Checked functions.config() {"config":{}} {"metadata":{"emulator":{"name":"functions"},"function":{"name":"getDistance"},"message":"[runtime-status] [10424] Checked functions.config() {\"config\":{}}"}}
[debug] [2020-06-23T05:22:44.206Z] [runtime-status] [10424] firebase-functions has been stubbed. {"functionsResolution":{"declared":true,"installed":true,"version":"3.7.0","resolution":"/Users/huynhkev/Documents/projects/jennies-goodies/functions/node_modules/firebase-functions/lib/index.js"}} {"metadata":{"emulator":{"name":"functions"},"function":{"name":"getDistance"},"message":"[runtime-status] [10424] firebase-functions has been stubbed. {\"functionsResolution\":{\"declared\":true,\"installed\":true,\"version\":\"3.7.0\",\"resolution\":\"/Users/huynhkev/Documents/projects/jennies-goodies/functions/node_modules/firebase-functions/lib/index.js\"}}"}}
[debug] [2020-06-23T05:22:44.206Z] [runtime-status] [10424] Resolved module firebase-functions {"declared":true,"installed":true,"version":"3.7.0","resolution":"/Users/huynhkev/Documents/projects/jennies-goodies/functions/node_modules/firebase-functions/lib/index.js"} {"metadata":{"emulator":{"name":"functions"},"function":{"name":"getDistance"},"message":"[runtime-status] [10424] Resolved module firebase-functions {\"declared\":true,\"installed\":true,\"version\":\"3.7.0\",\"resolution\":\"/Users/huynhkev/Documents/projects/jennies-goodies/functions/node_modules/firebase-functions/lib/index.js\"}"}}
[debug] [2020-06-23T05:22:44.207Z] [runtime-status] [10424] Resolved module firebase-admin {"declared":true,"installed":true,"version":"8.12.1","resolution":"/Users/huynhkev/Documents/projects/jennies-goodies/functions/node_modules/firebase-admin/lib/index.js"} {"metadata":{"emulator":{"name":"functions"},"function":{"name":"getDistance"},"message":"[runtime-status] [10424] Resolved module firebase-admin {\"declared\":true,\"installed\":true,\"version\":\"8.12.1\",\"resolution\":\"/Users/huynhkev/Documents/projects/jennies-goodies/functions/node_modules/firebase-admin/lib/index.js\"}"}}
[debug] [2020-06-23T05:22:44.209Z] [runtime-status] [10424] Resolved module firebase-functions {"declared":true,"installed":true,"version":"3.7.0","resolution":"/Users/huynhkev/Documents/projects/jennies-goodies/functions/node_modules/firebase-functions/lib/index.js"} {"metadata":{"emulator":{"name":"functions"},"function":{"name":"getDistance"},"message":"[runtime-status] [10424] Resolved module firebase-functions {\"declared\":true,\"installed\":true,\"version\":\"3.7.0\",\"resolution\":\"/Users/huynhkev/Documents/projects/jennies-goodies/functions/node_modules/firebase-functions/lib/index.js\"}"}}
[debug] [2020-06-23T05:22:44.209Z] [runtime-status] [10424] firebase-admin has been stubbed. {"adminResolution":{"declared":true,"installed":true,"version":"8.12.1","resolution":"/Users/huynhkev/Documents/projects/jennies-goodies/functions/node_modules/firebase-admin/lib/index.js"}} {"metadata":{"emulator":{"name":"functions"},"function":{"name":"getDistance"},"message":"[runtime-status] [10424] firebase-admin has been stubbed. {\"adminResolution\":{\"declared\":true,\"installed\":true,\"version\":\"8.12.1\",\"resolution\":\"/Users/huynhkev/Documents/projects/jennies-goodies/functions/node_modules/firebase-admin/lib/index.js\"}}"}}
[debug] [2020-06-23T05:22:44.231Z] [runtime-status] [10425] Functions runtime initialized. {"cwd":"/Users/huynhkev/Documents/projects/jennies-goodies/functions","node_version":"12.18.0"} {"metadata":{"emulator":{"name":"functions"},"function":{"name":"getGeoCoordinates"},"message":"[runtime-status] [10425] Functions runtime initialized. {\"cwd\":\"/Users/huynhkev/Documents/projects/jennies-goodies/functions\",\"node_version\":\"12.18.0\"}"}}
[debug] [2020-06-23T05:22:44.235Z] [runtime-status] [10425] Disabled runtime features: undefined {"metadata":{"emulator":{"name":"functions"},"function":{"name":"getGeoCoordinates"},"message":"[runtime-status] [10425] Disabled runtime features: undefined"}}
[debug] [2020-06-23T05:22:44.241Z] [runtime-status] [10425] Resolved module firebase-admin {"declared":true,"installed":true,"version":"8.12.1","resolution":"/Users/huynhkev/Documents/projects/jennies-goodies/functions/node_modules/firebase-admin/lib/index.js"} {"metadata":{"emulator":{"name":"functions"},"function":{"name":"getGeoCoordinates"},"message":"[runtime-status] [10425] Resolved module firebase-admin {\"declared\":true,\"installed\":true,\"version\":\"8.12.1\",\"resolution\":\"/Users/huynhkev/Documents/projects/jennies-goodies/functions/node_modules/firebase-admin/lib/index.js\"}"}}
[debug] [2020-06-23T05:22:44.245Z] [runtime-status] [10425] Resolved module firebase-functions {"declared":true,"installed":true,"version":"3.7.0","resolution":"/Users/huynhkev/Documents/projects/jennies-goodies/functions/node_modules/firebase-functions/lib/index.js"} {"metadata":{"emulator":{"name":"functions"},"function":{"name":"getGeoCoordinates"},"message":"[runtime-status] [10425] Resolved module firebase-functions {\"declared\":true,\"installed\":true,\"version\":\"3.7.0\",\"resolution\":\"/Users/huynhkev/Documents/projects/jennies-goodies/functions/node_modules/firebase-functions/lib/index.js\"}"}}
[debug] [2020-06-23T05:22:44.247Z] [runtime-status] [10425] Outgoing network have been stubbed. [{"name":"http","status":"mocked"},{"name":"http","status":"mocked"},{"name":"https","status":"mocked"},{"name":"https","status":"mocked"},{"name":"net","status":"mocked"}] {"metadata":{"emulator":{"name":"functions"},"function":{"name":"getGeoCoordinates"},"message":"[runtime-status] [10425] Outgoing network have been stubbed. [{\"name\":\"http\",\"status\":\"mocked\"},{\"name\":\"http\",\"status\":\"mocked\"},{\"name\":\"https\",\"status\":\"mocked\"},{\"name\":\"https\",\"status\":\"mocked\"},{\"name\":\"net\",\"status\":\"mocked\"}]"}}
[debug] [2020-06-23T05:22:44.248Z] [runtime-status] [10425] Resolved module firebase-functions {"declared":true,"installed":true,"version":"3.7.0","resolution":"/Users/huynhkev/Documents/projects/jennies-goodies/functions/node_modules/firebase-functions/lib/index.js"} {"metadata":{"emulator":{"name":"functions"},"function":{"name":"getGeoCoordinates"},"message":"[runtime-status] [10425] Resolved module firebase-functions {\"declared\":true,\"installed\":true,\"version\":\"3.7.0\",\"resolution\":\"/Users/huynhkev/Documents/projects/jennies-goodies/functions/node_modules/firebase-functions/lib/index.js\"}"}}
[debug] [2020-06-23T05:22:44.274Z] [runtime-status] [10424] Trigger "getDistance" has been found, beginning invocation! {"metadata":{"emulator":{"name":"functions"},"function":{"name":"getDistance"},"message":"[runtime-status] [10424] Trigger \"getDistance\" has been found, beginning invocation!"}}
[info] i  functions: Beginning execution of "getDistance" {"metadata":{"emulator":{"name":"functions"},"function":{"name":"getDistance"},"message":"Beginning execution of \"getDistance\""}}
[debug] [2020-06-23T05:22:44.275Z] [runtime-status] [10424] triggerDefinition {"httpsTrigger":{},"name":"getDistance","entryPoint":"getDistance"} {"metadata":{"emulator":{"name":"functions"},"function":{"name":"getDistance"},"message":"[runtime-status] [10424] triggerDefinition {\"httpsTrigger\":{},\"name\":\"getDistance\",\"entryPoint\":\"getDistance\"}"}}
[debug] [2020-06-23T05:22:44.275Z] [runtime-status] [10424] Running getDistance in mode HTTPS {"metadata":{"emulator":{"name":"functions"},"function":{"name":"getDistance"},"message":"[runtime-status] [10424] Running getDistance in mode HTTPS"}}
[debug] [2020-06-23T05:22:44.280Z] [runtime-status] [10424] Attempting to listen to socketPath: /var/folders/ld/_pf9w8rx5hxglngzpsh25blr0000gn/T/fire_emu_10424.sock {"metadata":{"emulator":{"name":"functions"},"function":{"name":"getDistance"},"message":"[runtime-status] [10424] Attempting to listen to socketPath: /var/folders/ld/_pf9w8rx5hxglngzpsh25blr0000gn/T/fire_emu_10424.sock"}}
[debug] [2020-06-23T05:22:44.283Z] [functions] Runtime ready! Sending request! {"metadata":{"emulator":{"name":"functions"},"message":"[functions] Runtime ready! Sending request!"}}
[debug] [2020-06-23T05:22:44.302Z] [runtime-status] [10425] Checked functions.config() {"config":{}} {"metadata":{"emulator":{"name":"functions"},"function":{"name":"getGeoCoordinates"},"message":"[runtime-status] [10425] Checked functions.config() {\"config\":{}}"}}
[debug] [2020-06-23T05:22:44.303Z] [runtime-status] [10425] firebase-functions has been stubbed. {"functionsResolution":{"declared":true,"installed":true,"version":"3.7.0","resolution":"/Users/huynhkev/Documents/projects/jennies-goodies/functions/node_modules/firebase-functions/lib/index.js"}} {"metadata":{"emulator":{"name":"functions"},"function":{"name":"getGeoCoordinates"},"message":"[runtime-status] [10425] firebase-functions has been stubbed. {\"functionsResolution\":{\"declared\":true,\"installed\":true,\"version\":\"3.7.0\",\"resolution\":\"/Users/huynhkev/Documents/projects/jennies-goodies/functions/node_modules/firebase-functions/lib/index.js\"}}"}}
[debug] [2020-06-23T05:22:44.303Z] [runtime-status] [10425] Resolved module firebase-functions {"declared":true,"installed":true,"version":"3.7.0","resolution":"/Users/huynhkev/Documents/projects/jennies-goodies/functions/node_modules/firebase-functions/lib/index.js"} {"metadata":{"emulator":{"name":"functions"},"function":{"name":"getGeoCoordinates"},"message":"[runtime-status] [10425] Resolved module firebase-functions {\"declared\":true,\"installed\":true,\"version\":\"3.7.0\",\"resolution\":\"/Users/huynhkev/Documents/projects/jennies-goodies/functions/node_modules/firebase-functions/lib/index.js\"}"}}
[debug] [2020-06-23T05:22:44.304Z] [runtime-status] [10425] Resolved module firebase-admin {"declared":true,"installed":true,"version":"8.12.1","resolution":"/Users/huynhkev/Documents/projects/jennies-goodies/functions/node_modules/firebase-admin/lib/index.js"} {"metadata":{"emulator":{"name":"functions"},"function":{"name":"getGeoCoordinates"},"message":"[runtime-status] [10425] Resolved module firebase-admin {\"declared\":true,\"installed\":true,\"version\":\"8.12.1\",\"resolution\":\"/Users/huynhkev/Documents/projects/jennies-goodies/functions/node_modules/firebase-admin/lib/index.js\"}"}}
[debug] [2020-06-23T05:22:44.304Z] [runtime-status] [10425] Resolved module firebase-functions {"declared":true,"installed":true,"version":"3.7.0","resolution":"/Users/huynhkev/Documents/projects/jennies-goodies/functions/node_modules/firebase-functions/lib/index.js"} {"metadata":{"emulator":{"name":"functions"},"function":{"name":"getGeoCoordinates"},"message":"[runtime-status] [10425] Resolved module firebase-functions {\"declared\":true,\"installed\":true,\"version\":\"3.7.0\",\"resolution\":\"/Users/huynhkev/Documents/projects/jennies-goodies/functions/node_modules/firebase-functions/lib/index.js\"}"}}
[debug] [2020-06-23T05:22:44.304Z] [runtime-status] [10425] firebase-admin has been stubbed. {"adminResolution":{"declared":true,"installed":true,"version":"8.12.1","resolution":"/Users/huynhkev/Documents/projects/jennies-goodies/functions/node_modules/firebase-admin/lib/index.js"}} {"metadata":{"emulator":{"name":"functions"},"function":{"name":"getGeoCoordinates"},"message":"[runtime-status] [10425] firebase-admin has been stubbed. {\"adminResolution\":{\"declared\":true,\"installed\":true,\"version\":\"8.12.1\",\"resolution\":\"/Users/huynhkev/Documents/projects/jennies-goodies/functions/node_modules/firebase-admin/lib/index.js\"}}"}}
[debug] [2020-06-23T05:22:44.321Z] [runtime-status] [10424] Ephemeral server handling POST request {"metadata":{"emulator":{"name":"functions"},"function":{"name":"getDistance"},"message":"[runtime-status] [10424] Ephemeral server handling POST request"}}
[info] >  47.45695 -122.28929 {"user":"47.45695 -122.28929","metadata":{"emulator":{"name":"functions"},"function":{"name":"getDistance"},"message":"\u001b[90m> \u001b[39m 47.45695 -122.28929"}}
[debug] [2020-06-23T05:22:44.324Z] [runtime-status] [10425] Trigger "getGeoCoordinates" has been found, beginning invocation! {"metadata":{"emulator":{"name":"functions"},"function":{"name":"getGeoCoordinates"},"message":"[runtime-status] [10425] Trigger \"getGeoCoordinates\" has been found, beginning invocation!"}}
[info] i  functions: Beginning execution of "getGeoCoordinates" {"metadata":{"emulator":{"name":"functions"},"function":{"name":"getGeoCoordinates"},"message":"Beginning execution of \"getGeoCoordinates\""}}
[debug] [2020-06-23T05:22:44.328Z] [runtime-status] [10425] triggerDefinition {"httpsTrigger":{},"name":"getGeoCoordinates","entryPoint":"getGeoCoordinates"} {"metadata":{"emulator":{"name":"functions"},"function":{"name":"getGeoCoordinates"},"message":"[runtime-status] [10425] triggerDefinition {\"httpsTrigger\":{},\"name\":\"getGeoCoordinates\",\"entryPoint\":\"getGeoCoordinates\"}"}}
[debug] [2020-06-23T05:22:44.328Z] [runtime-status] [10425] Running getGeoCoordinates in mode HTTPS {"metadata":{"emulator":{"name":"functions"},"function":{"name":"getGeoCoordinates"},"message":"[runtime-status] [10425] Running getGeoCoordinates in mode HTTPS"}}
[debug] [2020-06-23T05:22:44.332Z] [runtime-status] [10425] Attempting to listen to socketPath: /var/folders/ld/_pf9w8rx5hxglngzpsh25blr0000gn/T/fire_emu_10425.sock {"metadata":{"emulator":{"name":"functions"},"function":{"name":"getGeoCoordinates"},"message":"[runtime-status] [10425] Attempting to listen to socketPath: /var/folders/ld/_pf9w8rx5hxglngzpsh25blr0000gn/T/fire_emu_10425.sock"}}
[debug] [2020-06-23T05:22:44.335Z] [functions] Runtime ready! Sending request! {"metadata":{"emulator":{"name":"functions"},"message":"[functions] Runtime ready! Sending request!"}}
[debug] [2020-06-23T05:22:44.356Z] [runtime-status] [10425] Ephemeral server handling POST request {"metadata":{"emulator":{"name":"functions"},"function":{"name":"getGeoCoordinates"},"message":"[runtime-status] [10425] Ephemeral server handling POST request"}}
[debug] [2020-06-23T05:22:44.519Z] [runtime-status] [10425] Ephemeral server survived. {"metadata":{"emulator":{"name":"functions"},"function":{"name":"getGeoCoordinates"},"message":"[runtime-status] [10425] Ephemeral server survived."}}
[info] i  functions: Finished "getGeoCoordinates" in ~1s {"metadata":{"emulator":{"name":"functions"},"function":{"name":"getGeoCoordinates"},"message":"Finished \"getGeoCoordinates\" in ~1s"}}
[debug] [2020-06-23T05:22:44.523Z] [worker-getGeoCoordinates-46d9208c-c56e-4ac2-a21e-1f9ea616afa3]: IDLE {"metadata":{"emulator":{"name":"functions"},"message":"[worker-getGeoCoordinates-46d9208c-c56e-4ac2-a21e-1f9ea616afa3]: IDLE"}}
[debug] [2020-06-23T05:22:44.524Z] [work-queue] {"queueLength":0,"workRunningCount":1}
[debug] [2020-06-23T05:22:44.535Z] [runtime-status] [10424] Ephemeral server survived. {"metadata":{"emulator":{"name":"functions"},"function":{"name":"getDistance"},"message":"[runtime-status] [10424] Ephemeral server survived."}}
[info] i  functions: Finished "getDistance" in ~1s {"metadata":{"emulator":{"name":"functions"},"function":{"name":"getDistance"},"message":"Finished \"getDistance\" in ~1s"}}
[debug] [2020-06-23T05:22:44.539Z] [worker-getDistance-3bf957a2-9fb6-47e7-926f-a6e0ebbd0bb9]: IDLE {"metadata":{"emulator":{"name":"functions"},"message":"[worker-getDistance-3bf957a2-9fb6-47e7-926f-a6e0ebbd0bb9]: IDLE"}}
[debug] [2020-06-23T05:22:44.539Z] [work-queue] {"queueLength":0,"workRunningCount":0}
[debug] [2020-06-23T05:23:16.334Z] File /Users/huynhkev/Documents/projects/jennies-goodies/functions/src/index.ts changed, reloading triggers {"metadata":{"emulator":{"name":"functions"},"message":"File /Users/huynhkev/Documents/projects/jennies-goodies/functions/src/index.ts changed, reloading triggers"}}
[debug] [2020-06-23T05:23:17.336Z] [worker-pool] Shutting down IDLE worker (~diagnostic~) {"metadata":{"emulator":{"name":"functions"},"message":"[worker-pool] Shutting down IDLE worker (~diagnostic~)"}}
[debug] [2020-06-23T05:23:17.336Z] [worker-~diagnostic~-cb0a5407-f4fd-414a-8ba0-a2ff3b62c34d]: FINISHING {"metadata":{"emulator":{"name":"functions"},"message":"[worker-~diagnostic~-cb0a5407-f4fd-414a-8ba0-a2ff3b62c34d]: FINISHING"}}
[debug] [2020-06-23T05:23:17.337Z] [worker-pool] Shutting down IDLE worker (getGeoCoordinates) {"metadata":{"emulator":{"name":"functions"},"message":"[worker-pool] Shutting down IDLE worker (getGeoCoordinates)"}}
[debug] [2020-06-23T05:23:17.337Z] [worker-getGeoCoordinates-90d0656f-f780-43fd-a726-5d77e556beb9]: FINISHING {"metadata":{"emulator":{"name":"functions"},"message":"[worker-getGeoCoordinates-90d0656f-f780-43fd-a726-5d77e556beb9]: FINISHING"}}
[debug] [2020-06-23T05:23:17.338Z] [worker-pool] Shutting down IDLE worker (getGeoCoordinates) {"metadata":{"emulator":{"name":"functions"},"message":"[worker-pool] Shutting down IDLE worker (getGeoCoordinates)"}}
[debug] [2020-06-23T05:23:17.338Z] [worker-getGeoCoordinates-46d9208c-c56e-4ac2-a21e-1f9ea616afa3]: FINISHING {"metadata":{"emulator":{"name":"functions"},"message":"[worker-getGeoCoordinates-46d9208c-c56e-4ac2-a21e-1f9ea616afa3]: FINISHING"}}
[debug] [2020-06-23T05:23:17.339Z] [worker-pool] Shutting down IDLE worker (getDistance) {"metadata":{"emulator":{"name":"functions"},"message":"[worker-pool] Shutting down IDLE worker (getDistance)"}}
[debug] [2020-06-23T05:23:17.339Z] [worker-getDistance-927adf82-36b4-4e81-b5ce-d21e8dc60263]: FINISHING {"metadata":{"emulator":{"name":"functions"},"message":"[worker-getDistance-927adf82-36b4-4e81-b5ce-d21e8dc60263]: FINISHING"}}
[debug] [2020-06-23T05:23:17.344Z] [worker-pool] Shutting down IDLE worker (getDistance) {"metadata":{"emulator":{"name":"functions"},"message":"[worker-pool] Shutting down IDLE worker (getDistance)"}}
[debug] [2020-06-23T05:23:17.344Z] [worker-getDistance-3bf957a2-9fb6-47e7-926f-a6e0ebbd0bb9]: FINISHING {"metadata":{"emulator":{"name":"functions"},"message":"[worker-getDistance-3bf957a2-9fb6-47e7-926f-a6e0ebbd0bb9]: FINISHING"}}
[debug] [2020-06-23T05:23:17.359Z] [worker-pool] addWorker(~diagnostic~) {"metadata":{"emulator":{"name":"functions"},"message":"[worker-pool] addWorker(~diagnostic~)"}}
[debug] [2020-06-23T05:23:17.360Z] [worker-pool] Adding worker with key ~diagnostic~, total=2 {"metadata":{"emulator":{"name":"functions"},"message":"[worker-pool] Adding worker with key ~diagnostic~, total=2"}}
[debug] [2020-06-23T05:23:17.360Z] [worker-pool] submitWork(triggerId=) {"metadata":{"emulator":{"name":"functions"},"message":"[worker-pool] submitWork(triggerId=)"}}
[debug] [2020-06-23T05:23:17.360Z] [worker-~diagnostic~-fdc44dda-7633-44c6-8b06-0c4d78303495]: Assigning socketPath: /var/folders/ld/_pf9w8rx5hxglngzpsh25blr0000gn/T/fire_emu_10430.sock {"metadata":{"emulator":{"name":"functions"},"message":"[worker-~diagnostic~-fdc44dda-7633-44c6-8b06-0c4d78303495]: Assigning socketPath: /var/folders/ld/_pf9w8rx5hxglngzpsh25blr0000gn/T/fire_emu_10430.sock"}}
[debug] [2020-06-23T05:23:17.360Z] [worker-~diagnostic~-fdc44dda-7633-44c6-8b06-0c4d78303495]: BUSY {"metadata":{"emulator":{"name":"functions"},"message":"[worker-~diagnostic~-fdc44dda-7633-44c6-8b06-0c4d78303495]: BUSY"}}
[debug] [2020-06-23T05:23:17.366Z] [worker-~diagnostic~-cb0a5407-f4fd-414a-8ba0-a2ff3b62c34d]: exited {"metadata":{"emulator":{"name":"functions"},"message":"[worker-~diagnostic~-cb0a5407-f4fd-414a-8ba0-a2ff3b62c34d]: exited"}}
[debug] [2020-06-23T05:23:17.366Z] [worker-~diagnostic~-cb0a5407-f4fd-414a-8ba0-a2ff3b62c34d]: FINISHED {"metadata":{"emulator":{"name":"functions"},"message":"[worker-~diagnostic~-cb0a5407-f4fd-414a-8ba0-a2ff3b62c34d]: FINISHED"}}
[debug] [2020-06-23T05:23:17.367Z] [worker-getGeoCoordinates-90d0656f-f780-43fd-a726-5d77e556beb9]: exited {"metadata":{"emulator":{"name":"functions"},"message":"[worker-getGeoCoordinates-90d0656f-f780-43fd-a726-5d77e556beb9]: exited"}}
[debug] [2020-06-23T05:23:17.367Z] [worker-getGeoCoordinates-90d0656f-f780-43fd-a726-5d77e556beb9]: FINISHED {"metadata":{"emulator":{"name":"functions"},"message":"[worker-getGeoCoordinates-90d0656f-f780-43fd-a726-5d77e556beb9]: FINISHED"}}
[debug] [2020-06-23T05:23:17.367Z] [worker-getDistance-927adf82-36b4-4e81-b5ce-d21e8dc60263]: exited {"metadata":{"emulator":{"name":"functions"},"message":"[worker-getDistance-927adf82-36b4-4e81-b5ce-d21e8dc60263]: exited"}}
[debug] [2020-06-23T05:23:17.368Z] [worker-getDistance-927adf82-36b4-4e81-b5ce-d21e8dc60263]: FINISHED {"metadata":{"emulator":{"name":"functions"},"message":"[worker-getDistance-927adf82-36b4-4e81-b5ce-d21e8dc60263]: FINISHED"}}
[debug] [2020-06-23T05:23:17.368Z] [worker-getDistance-3bf957a2-9fb6-47e7-926f-a6e0ebbd0bb9]: exited {"metadata":{"emulator":{"name":"functions"},"message":"[worker-getDistance-3bf957a2-9fb6-47e7-926f-a6e0ebbd0bb9]: exited"}}
[debug] [2020-06-23T05:23:17.368Z] [worker-getDistance-3bf957a2-9fb6-47e7-926f-a6e0ebbd0bb9]: FINISHED {"metadata":{"emulator":{"name":"functions"},"message":"[worker-getDistance-3bf957a2-9fb6-47e7-926f-a6e0ebbd0bb9]: FINISHED"}}
[debug] [2020-06-23T05:23:17.369Z] [worker-getGeoCoordinates-46d9208c-c56e-4ac2-a21e-1f9ea616afa3]: exited {"metadata":{"emulator":{"name":"functions"},"message":"[worker-getGeoCoordinates-46d9208c-c56e-4ac2-a21e-1f9ea616afa3]: exited"}}
[debug] [2020-06-23T05:23:17.369Z] [worker-getGeoCoordinates-46d9208c-c56e-4ac2-a21e-1f9ea616afa3]: FINISHED {"metadata":{"emulator":{"name":"functions"},"message":"[worker-getGeoCoordinates-46d9208c-c56e-4ac2-a21e-1f9ea616afa3]: FINISHED"}}
[debug] [2020-06-23T05:23:17.822Z] [runtime-status] [10430] Functions runtime initialized. {"cwd":"/Users/huynhkev/Documents/projects/jennies-goodies/functions","node_version":"12.18.0"} {"metadata":{"emulator":{"name":"functions"},"message":"[runtime-status] [10430] Functions runtime initialized. {\"cwd\":\"/Users/huynhkev/Documents/projects/jennies-goodies/functions\",\"node_version\":\"12.18.0\"}"}}
[debug] [2020-06-23T05:23:17.823Z] [runtime-status] [10430] Disabled runtime features: undefined {"metadata":{"emulator":{"name":"functions"},"message":"[runtime-status] [10430] Disabled runtime features: undefined"}}
[debug] [2020-06-23T05:23:17.826Z] [runtime-status] [10430] Resolved module firebase-admin {"declared":true,"installed":true,"version":"8.12.1","resolution":"/Users/huynhkev/Documents/projects/jennies-goodies/functions/node_modules/firebase-admin/lib/index.js"} {"metadata":{"emulator":{"name":"functions"},"message":"[runtime-status] [10430] Resolved module firebase-admin {\"declared\":true,\"installed\":true,\"version\":\"8.12.1\",\"resolution\":\"/Users/huynhkev/Documents/projects/jennies-goodies/functions/node_modules/firebase-admin/lib/index.js\"}"}}
[debug] [2020-06-23T05:23:17.826Z] [runtime-status] [10430] Resolved module firebase-functions {"declared":true,"installed":true,"version":"3.7.0","resolution":"/Users/huynhkev/Documents/projects/jennies-goodies/functions/node_modules/firebase-functions/lib/index.js"} {"metadata":{"emulator":{"name":"functions"},"message":"[runtime-status] [10430] Resolved module firebase-functions {\"declared\":true,\"installed\":true,\"version\":\"3.7.0\",\"resolution\":\"/Users/huynhkev/Documents/projects/jennies-goodies/functions/node_modules/firebase-functions/lib/index.js\"}"}}
[debug] [2020-06-23T05:23:17.828Z] [runtime-status] [10430] Outgoing network have been stubbed. [{"name":"http","status":"mocked"},{"name":"http","status":"mocked"},{"name":"https","status":"mocked"},{"name":"https","status":"mocked"},{"name":"net","status":"mocked"}] {"metadata":{"emulator":{"name":"functions"},"message":"[runtime-status] [10430] Outgoing network have been stubbed. [{\"name\":\"http\",\"status\":\"mocked\"},{\"name\":\"http\",\"status\":\"mocked\"},{\"name\":\"https\",\"status\":\"mocked\"},{\"name\":\"https\",\"status\":\"mocked\"},{\"name\":\"net\",\"status\":\"mocked\"}]"}}
[debug] [2020-06-23T05:23:17.828Z] [runtime-status] [10430] Resolved module firebase-functions {"declared":true,"installed":true,"version":"3.7.0","resolution":"/Users/huynhkev/Documents/projects/jennies-goodies/functions/node_modules/firebase-functions/lib/index.js"} {"metadata":{"emulator":{"name":"functions"},"message":"[runtime-status] [10430] Resolved module firebase-functions {\"declared\":true,\"installed\":true,\"version\":\"3.7.0\",\"resolution\":\"/Users/huynhkev/Documents/projects/jennies-goodies/functions/node_modules/firebase-functions/lib/index.js\"}"}}
[debug] [2020-06-23T05:23:17.856Z] [runtime-status] [10430] Checked functions.config() {"config":{}} {"metadata":{"emulator":{"name":"functions"},"message":"[runtime-status] [10430] Checked functions.config() {\"config\":{}}"}}
[debug] [2020-06-23T05:23:17.856Z] [runtime-status] [10430] firebase-functions has been stubbed. {"functionsResolution":{"declared":true,"installed":true,"version":"3.7.0","resolution":"/Users/huynhkev/Documents/projects/jennies-goodies/functions/node_modules/firebase-functions/lib/index.js"}} {"metadata":{"emulator":{"name":"functions"},"message":"[runtime-status] [10430] firebase-functions has been stubbed. {\"functionsResolution\":{\"declared\":true,\"installed\":true,\"version\":\"3.7.0\",\"resolution\":\"/Users/huynhkev/Documents/projects/jennies-goodies/functions/node_modules/firebase-functions/lib/index.js\"}}"}}
[debug] [2020-06-23T05:23:17.857Z] [runtime-status] [10430] Resolved module firebase-functions {"declared":true,"installed":true,"version":"3.7.0","resolution":"/Users/huynhkev/Documents/projects/jennies-goodies/functions/node_modules/firebase-functions/lib/index.js"} {"metadata":{"emulator":{"name":"functions"},"message":"[runtime-status] [10430] Resolved module firebase-functions {\"declared\":true,\"installed\":true,\"version\":\"3.7.0\",\"resolution\":\"/Users/huynhkev/Documents/projects/jennies-goodies/functions/node_modules/firebase-functions/lib/index.js\"}"}}
[debug] [2020-06-23T05:23:17.858Z] [runtime-status] [10430] Resolved module firebase-admin {"declared":true,"installed":true,"version":"8.12.1","resolution":"/Users/huynhkev/Documents/projects/jennies-goodies/functions/node_modules/firebase-admin/lib/index.js"} {"metadata":{"emulator":{"name":"functions"},"message":"[runtime-status] [10430] Resolved module firebase-admin {\"declared\":true,\"installed\":true,\"version\":\"8.12.1\",\"resolution\":\"/Users/huynhkev/Documents/projects/jennies-goodies/functions/node_modules/firebase-admin/lib/index.js\"}"}}
[debug] [2020-06-23T05:23:17.858Z] [runtime-status] [10430] Resolved module firebase-functions {"declared":true,"installed":true,"version":"3.7.0","resolution":"/Users/huynhkev/Documents/projects/jennies-goodies/functions/node_modules/firebase-functions/lib/index.js"} {"metadata":{"emulator":{"name":"functions"},"message":"[runtime-status] [10430] Resolved module firebase-functions {\"declared\":true,\"installed\":true,\"version\":\"3.7.0\",\"resolution\":\"/Users/huynhkev/Documents/projects/jennies-goodies/functions/node_modules/firebase-functions/lib/index.js\"}"}}
[debug] [2020-06-23T05:23:17.859Z] [runtime-status] [10430] firebase-admin has been stubbed. {"adminResolution":{"declared":true,"installed":true,"version":"8.12.1","resolution":"/Users/huynhkev/Documents/projects/jennies-goodies/functions/node_modules/firebase-admin/lib/index.js"}} {"metadata":{"emulator":{"name":"functions"},"message":"[runtime-status] [10430] firebase-admin has been stubbed. {\"adminResolution\":{\"declared\":true,\"installed\":true,\"version\":\"8.12.1\",\"resolution\":\"/Users/huynhkev/Documents/projects/jennies-goodies/functions/node_modules/firebase-admin/lib/index.js\"}}"}}
[debug] [2020-06-23T05:23:17.877Z] [worker-~diagnostic~-fdc44dda-7633-44c6-8b06-0c4d78303495]: IDLE {"metadata":{"emulator":{"name":"functions"},"message":"[worker-~diagnostic~-fdc44dda-7633-44c6-8b06-0c4d78303495]: IDLE"}}
