[debug] [2020-06-27T23:05:19.920Z] ----------------------------------------------------------------------
[debug] [2020-06-27T23:05:19.923Z] Command:       /usr/local/bin/node /usr/local/bin/firebase deploy
[debug] [2020-06-27T23:05:19.923Z] CLI Version:   8.4.3
[debug] [2020-06-27T23:05:19.923Z] Platform:      darwin
[debug] [2020-06-27T23:05:19.923Z] Node Version:  v12.18.0
[debug] [2020-06-27T23:05:19.924Z] Time:          Sat Jun 27 2020 16:05:19 GMT-0700 (Pacific Daylight Time)
[debug] [2020-06-27T23:05:19.924Z] ----------------------------------------------------------------------
[debug] [2020-06-27T23:05:19.924Z] 
[debug] [2020-06-27T23:05:19.935Z] > command requires scopes: ["email","openid","https://www.googleapis.com/auth/cloudplatformprojects.readonly","https://www.googleapis.com/auth/firebase","https://www.googleapis.com/auth/cloud-platform"]
[debug] [2020-06-27T23:05:19.936Z] > authorizing via signed-in user
[debug] [2020-06-27T23:05:19.936Z] [iam] checking project jennies-goodies for permissions ["cloudfunctions.functions.create","cloudfunctions.functions.delete","cloudfunctions.functions.get","cloudfunctions.functions.list","cloudfunctions.functions.update","cloudfunctions.operations.get","firebase.projects.get","firebasehosting.sites.update"]
[debug] [2020-06-27T23:05:19.939Z] > refreshing access token with scopes: ["email","https://www.googleapis.com/auth/cloud-platform","https://www.googleapis.com/auth/cloudplatformprojects.readonly","https://www.googleapis.com/auth/firebase","openid"]
[debug] [2020-06-27T23:05:19.939Z] >>> HTTP REQUEST POST https://www.googleapis.com/oauth2/v3/token  
 <request body omitted>
[debug] [2020-06-27T23:05:20.746Z] <<< HTTP RESPONSE 200 {"content-type":"application/json; charset=utf-8","vary":"X-Origin, Referer, Origin,Accept-Encoding","date":"Sat, 27 Jun 2020 23:05:20 GMT","server":"scaffolding on HTTPServer2","cache-control":"private","x-xss-protection":"0","x-frame-options":"SAMEORIGIN","x-content-type-options":"nosniff","alt-svc":"h3-27=\":443\"; ma=2592000,h3-25=\":443\"; ma=2592000,h3-T050=\":443\"; ma=2592000,h3-Q050=\":443\"; ma=2592000,h3-Q046=\":443\"; ma=2592000,h3-Q043=\":443\"; ma=2592000,quic=\":443\"; ma=2592000; v=\"46,43\"","accept-ranges":"none","transfer-encoding":"chunked"}
[debug] [2020-06-27T23:05:20.755Z] >>> HTTP REQUEST POST https://cloudresourcemanager.googleapis.com/v1/projects/jennies-goodies:testIamPermissions  
 {"permissions":["cloudfunctions.functions.create","cloudfunctions.functions.delete","cloudfunctions.functions.get","cloudfunctions.functions.list","cloudfunctions.functions.update","cloudfunctions.operations.get","firebase.projects.get","firebasehosting.sites.update"]}
[debug] [2020-06-27T23:05:21.705Z] <<< HTTP RESPONSE 200 {"content-type":"application/json; charset=UTF-8","vary":"X-Origin, Referer, Origin,Accept-Encoding","date":"Sat, 27 Jun 2020 23:05:21 GMT","server":"ESF","cache-control":"private","x-xss-protection":"0","x-frame-options":"SAMEORIGIN","x-content-type-options":"nosniff","server-timing":"gfet4t7; dur=53","alt-svc":"h3-27=\":443\"; ma=2592000,h3-25=\":443\"; ma=2592000,h3-T050=\":443\"; ma=2592000,h3-Q050=\":443\"; ma=2592000,h3-Q046=\":443\"; ma=2592000,h3-Q043=\":443\"; ma=2592000,quic=\":443\"; ma=2592000; v=\"46,43\"","accept-ranges":"none","transfer-encoding":"chunked"}
[debug] [2020-06-27T23:05:21.706Z] >>> HTTP REQUEST POST https://iam.googleapis.com/v1/projects/jennies-goodies/serviceAccounts/jennies-goodies@appspot.gserviceaccount.com:testIamPermissions  
 {"permissions":["iam.serviceAccounts.actAs"]}
[debug] [2020-06-27T23:05:23.710Z] <<< HTTP RESPONSE 200 {"content-type":"application/json; charset=UTF-8","vary":"X-Origin, Referer, Origin,Accept-Encoding","date":"Sat, 27 Jun 2020 23:05:23 GMT","server":"ESF","cache-control":"private","x-xss-protection":"0","x-frame-options":"SAMEORIGIN","x-content-type-options":"nosniff","alt-svc":"h3-27=\":443\"; ma=2592000,h3-25=\":443\"; ma=2592000,h3-T050=\":443\"; ma=2592000,h3-Q050=\":443\"; ma=2592000,h3-Q046=\":443\"; ma=2592000,h3-Q043=\":443\"; ma=2592000,quic=\":443\"; ma=2592000; v=\"46,43\"","accept-ranges":"none","transfer-encoding":"chunked"}
[debug] [2020-06-27T23:05:23.711Z] >>> HTTP REQUEST GET https://firebase.googleapis.com/v1beta1/projects/jennies-goodies  
 
[debug] [2020-06-27T23:05:25.998Z] <<< HTTP RESPONSE 200 {"content-type":"application/json; charset=UTF-8","vary":"X-Origin, Referer, Origin,Accept-Encoding","date":"Sat, 27 Jun 2020 23:05:25 GMT","server":"ESF","cache-control":"private","x-xss-protection":"0","x-frame-options":"SAMEORIGIN","x-content-type-options":"nosniff","alt-svc":"h3-27=\":443\"; ma=2592000,h3-25=\":443\"; ma=2592000,h3-T050=\":443\"; ma=2592000,h3-Q050=\":443\"; ma=2592000,h3-Q046=\":443\"; ma=2592000,h3-Q043=\":443\"; ma=2592000,quic=\":443\"; ma=2592000; v=\"46,43\"","accept-ranges":"none","transfer-encoding":"chunked"}
[info] 
[info] === Deploying to 'jennies-goodies'...
[info] 
[info] i  deploying functions, hosting 
[info] Running command: npm --prefix "$RESOURCE_DIR" run lint
[info] Running command: npm --prefix "$RESOURCE_DIR" run build
[info] ✔  functions: Finished running predeploy script. 
[debug] [2020-06-27T23:05:39.148Z] > [functions] package.json contents: {
  "name": "functions",
  "scripts": {
    "lint": "tslint --project tsconfig.json",
    "build": "tsc",
    "serve": "npm run build && firebase emulators:start --only functions",
    "shell": "npm run build && firebase functions:shell",
    "start": "npm run shell",
    "deploy": "firebase deploy --only functions",
    "logs": "firebase functions:log"
  },
  "engines": {
    "node": "8"
  },
  "main": "lib/index.js",
  "dependencies": {
    "axios": "^0.19.2",
    "cors": "^2.8.5",
    "firebase-admin": "^8.10.0",
    "firebase-functions": "^3.6.1",
    "googleapis": "^34.0.0",
    "lodash": "^4.17.15",
    "qs": "^6.9.4"
  },
  "devDependencies": {
    "tslint": "^5.12.0",
    "typescript": "^3.8.0",
    "firebase-functions-test": "^0.2.0"
  },
  "private": true
}
[info] i  functions: ensuring required API cloudfunctions.googleapis.com is enabled... 
[debug] [2020-06-27T23:05:40.139Z] [functions] runtime dependency check dates: warning: 2020-05-21T00:00:00.000Z error: 2020-08-17T00:00:00.000Z
[debug] [2020-06-27T23:05:40.140Z] >>> HTTP REQUEST GET https://serviceusage.googleapis.com/v1/projects/jennies-goodies/services/cloudfunctions.googleapis.com  
 
[debug] [2020-06-27T23:05:40.140Z] >>> HTTP REQUEST GET https://serviceusage.googleapis.com/v1/projects/jennies-goodies/services/runtimeconfig.googleapis.com  
 
[debug] [2020-06-27T23:05:42.033Z] <<< HTTP RESPONSE 200 {"content-type":"application/json; charset=UTF-8","vary":"X-Origin, Referer, Origin,Accept-Encoding","date":"Sat, 27 Jun 2020 23:05:41 GMT","server":"ESF","cache-control":"private","x-xss-protection":"0","x-frame-options":"SAMEORIGIN","x-content-type-options":"nosniff","alt-svc":"h3-27=\":443\"; ma=2592000,h3-25=\":443\"; ma=2592000,h3-T050=\":443\"; ma=2592000,h3-Q050=\":443\"; ma=2592000,h3-Q046=\":443\"; ma=2592000,h3-Q043=\":443\"; ma=2592000,quic=\":443\"; ma=2592000; v=\"46,43\"","accept-ranges":"none","transfer-encoding":"chunked"}
[debug] [2020-06-27T23:05:42.157Z] <<< HTTP RESPONSE 200 {"content-type":"application/json; charset=UTF-8","vary":"X-Origin, Referer, Origin,Accept-Encoding","date":"Sat, 27 Jun 2020 23:05:41 GMT","server":"ESF","cache-control":"private","x-xss-protection":"0","x-frame-options":"SAMEORIGIN","x-content-type-options":"nosniff","alt-svc":"h3-27=\":443\"; ma=2592000,h3-25=\":443\"; ma=2592000,h3-T050=\":443\"; ma=2592000,h3-Q050=\":443\"; ma=2592000,h3-Q046=\":443\"; ma=2592000,h3-Q043=\":443\"; ma=2592000,quic=\":443\"; ma=2592000; v=\"46,43\"","accept-ranges":"none","transfer-encoding":"chunked"}
[info] ✔  functions: required API cloudfunctions.googleapis.com is enabled 
[debug] [2020-06-27T23:05:42.158Z] >>> HTTP REQUEST GET https://firebase.googleapis.com/v1beta1/projects/jennies-goodies/adminSdkConfig  
 
[debug] [2020-06-27T23:05:42.350Z] <<< HTTP RESPONSE 200 {"content-type":"application/json; charset=UTF-8","vary":"X-Origin, Referer, Origin,Accept-Encoding","date":"Sat, 27 Jun 2020 23:05:42 GMT","server":"ESF","cache-control":"private","x-xss-protection":"0","x-frame-options":"SAMEORIGIN","x-content-type-options":"nosniff","alt-svc":"h3-27=\":443\"; ma=2592000,h3-25=\":443\"; ma=2592000,h3-T050=\":443\"; ma=2592000,h3-Q050=\":443\"; ma=2592000,h3-Q046=\":443\"; ma=2592000,h3-Q043=\":443\"; ma=2592000,quic=\":443\"; ma=2592000; v=\"46,43\"","accept-ranges":"none","transfer-encoding":"chunked"}
[debug] [2020-06-27T23:05:42.352Z] >>> HTTP REQUEST POST https://firebasehosting.googleapis.com/v1beta1/sites/jennies-goodies/versions  
 {"config":{"rewrites":[{"glob":"**","path":"/index.html"}],"headers":[{"glob":"**/*.@(eot|otf|ttf|ttc|woff|font.css)","headers":{"Access-Control-Allow-Origin":"*"}},{"glob":"**/*.@(jpg|jpeg|gif|png)","headers":{"Cache-Control":"max-age=31557600"}},{"glob":"404.html","headers":{"Cache-Control":"max-age=300"}}]},"labels":{"deployment-tool":"cli-firebase"}}
[debug] [2020-06-27T23:05:44.049Z] <<< HTTP RESPONSE 200 {"content-type":"application/json; charset=UTF-8","vary":"X-Origin, Referer, Origin,Accept-Encoding","date":"Sat, 27 Jun 2020 23:05:44 GMT","server":"ESF","cache-control":"private","x-xss-protection":"0","x-frame-options":"SAMEORIGIN","x-content-type-options":"nosniff","alt-svc":"h3-27=\":443\"; ma=2592000,h3-25=\":443\"; ma=2592000,h3-T050=\":443\"; ma=2592000,h3-Q050=\":443\"; ma=2592000,h3-Q046=\":443\"; ma=2592000,h3-Q043=\":443\"; ma=2592000,quic=\":443\"; ma=2592000; v=\"46,43\"","accept-ranges":"none","transfer-encoding":"chunked"}
[info] i  functions: preparing functions directory for uploading... 
[debug] [2020-06-27T23:05:44.051Z] >>> HTTP REQUEST GET https://runtimeconfig.googleapis.com/v1beta1/projects/jennies-goodies/configs  
 
[debug] [2020-06-27T23:05:45.052Z] <<< HTTP RESPONSE 200 {"content-type":"application/json; charset=UTF-8","vary":"X-Origin, Referer, Origin,Accept-Encoding","date":"Sat, 27 Jun 2020 23:05:45 GMT","server":"ESF","cache-control":"private","x-xss-protection":"0","x-frame-options":"SAMEORIGIN","x-content-type-options":"nosniff","alt-svc":"h3-27=\":443\"; ma=2592000,h3-25=\":443\"; ma=2592000,h3-T050=\":443\"; ma=2592000,h3-Q050=\":443\"; ma=2592000,h3-Q046=\":443\"; ma=2592000,h3-Q043=\":443\"; ma=2592000,quic=\":443\"; ma=2592000; v=\"46,43\"","accept-ranges":"none","transfer-encoding":"chunked"}
[info] i  functions: packaged functions (64.07 KB) for uploading 
[debug] [2020-06-27T23:05:45.695Z] >>> HTTP REQUEST GET https://cloudfunctions.googleapis.com/v1/projects/jennies-goodies/locations/-/functions  
 
[debug] [2020-06-27T23:05:48.892Z] <<< HTTP RESPONSE 200 {"content-type":"application/json; charset=UTF-8","vary":"X-Origin, Referer, Origin,Accept-Encoding","date":"Sat, 27 Jun 2020 23:05:47 GMT","server":"ESF","cache-control":"private","x-xss-protection":"0","x-frame-options":"SAMEORIGIN","x-content-type-options":"nosniff","alt-svc":"h3-27=\":443\"; ma=2592000,h3-25=\":443\"; ma=2592000,h3-T050=\":443\"; ma=2592000,h3-Q050=\":443\"; ma=2592000,h3-Q046=\":443\"; ma=2592000,h3-Q043=\":443\"; ma=2592000,quic=\":443\"; ma=2592000; v=\"46,43\"","accept-ranges":"none","transfer-encoding":"chunked"}
[debug] [2020-06-27T23:05:48.894Z] >>> HTTP REQUEST POST https://cloudfunctions.googleapis.com/v1/projects/jennies-goodies/locations/us-central1/functions:generateUploadUrl  
 
[debug] [2020-06-27T23:05:50.797Z] <<< HTTP RESPONSE 200 {"content-type":"application/json; charset=UTF-8","vary":"X-Origin, Referer, Origin,Accept-Encoding","date":"Sat, 27 Jun 2020 23:05:50 GMT","server":"ESF","cache-control":"private","x-xss-protection":"0","x-frame-options":"SAMEORIGIN","x-content-type-options":"nosniff","alt-svc":"h3-27=\":443\"; ma=2592000,h3-25=\":443\"; ma=2592000,h3-T050=\":443\"; ma=2592000,h3-Q050=\":443\"; ma=2592000,h3-Q046=\":443\"; ma=2592000,h3-Q043=\":443\"; ma=2592000,quic=\":443\"; ma=2592000; v=\"46,43\"","accept-ranges":"none","transfer-encoding":"chunked"}
[debug] [2020-06-27T23:05:50.797Z] >>> HTTP REQUEST PUT https://storage.googleapis.com/gcf-upload-us-central1-c6462367-8249-4c7a-b0b0-227445ea1f2a/e96cdaf5-830d-42c4-82b0-a290a8e74c36.zip?GoogleAccessId=service-949455722879@gcf-admin-robot.iam.gserviceaccount.com&Expires=1593300950&Signature=e83fulpEukpqcC769Jy5CTR3pZiBisWyZ%2F4HzVZzaHc98ssnRCl%2B%2FeyfLk0WKqGvYMT3n3MfEGTIptPm5U%2FfxfwRCFzIzTnzsf0Dsq%2FSNAxRooYpVykBsY0FezCLmqlrFl04aoBteG6F7TE1UBqBhIQ4cituAFQqiO1UNQHD0mEN2ktuCohI9pG7cFQM4fYifh0uSCaNxHoyQlSkUeBebzauqtQDTfnuRoGh1NPiJ35ReFO1mLSPSYXVw7k1tAI%2B4sEDyyofBcju02c0Ckx4%2FKvNqg4uVeWk%2BO93yjI%2FVPRk7s8N6Tu3gsqBsQxi2hhgxo12CS7g%2FDsiR2VTWzTSAA%3D%3D  
 <request body omitted>
[debug] [2020-06-27T23:05:54.285Z] <<< HTTP RESPONSE 200 {"x-guploader-uploadid":"AAANsUkZZgWyzr_QBDbKcda5xRWFHyZsn4VkeqdZpltyi1sNPRB8QZBgjdlAjD-qI-bkgC0S0I53LR3dmYSR06FyXVdCMY0bUg","etag":"\"5e887d2c2af7bdc89df7b5100ee1dccc\"","x-goog-generation":"1593299154202538","x-goog-metageneration":"1","x-goog-hash":"crc32c=CBU5Rg==, md5=Xoh9LCr3vcid97UQDuHczA==","x-goog-stored-content-length":"65609","x-goog-stored-content-encoding":"identity","vary":"Origin","content-length":"0","date":"Sat, 27 Jun 2020 23:05:54 GMT","server":"UploadServer","content-type":"text/html; charset=UTF-8","alt-svc":"h3-27=\":443\"; ma=2592000,h3-25=\":443\"; ma=2592000,h3-T050=\":443\"; ma=2592000,h3-Q050=\":443\"; ma=2592000,h3-Q046=\":443\"; ma=2592000,h3-Q043=\":443\"; ma=2592000,quic=\":443\"; ma=2592000; v=\"46,43\""}
[info] ✔  functions: functions folder uploaded successfully 
[info] i  hosting[jennies-goodies]: beginning deploy... 
[info] i  hosting[jennies-goodies]: found 39 files in dist/jennies-goodies 
[debug] [2020-06-27T23:05:54.535Z] [hosting] hash cache [ZGlzdC9qZW5uaWVzLWdvb2RpZXM] stored for 39 files
[debug] [2020-06-27T23:05:54.536Z] [hosting][hash queue][FINAL] {"max":223,"min":46,"avg":86.3076923076923,"active":0,"complete":39,"success":39,"errored":0,"retried":0,"total":39,"elapsed":232}
[debug] [2020-06-27T23:05:54.536Z] >>> HTTP REQUEST POST https://firebasehosting.googleapis.com/v1beta1/sites/jennies-goodies/versions/8524b1b3814c9b1a:populateFiles  
 <request body omitted>
[debug] [2020-06-27T23:05:56.471Z] <<< HTTP RESPONSE 200 {"content-type":"application/json; charset=UTF-8","vary":"X-Origin, Referer, Origin,Accept-Encoding","date":"Sat, 27 Jun 2020 23:05:56 GMT","server":"ESF","cache-control":"private","x-xss-protection":"0","x-frame-options":"SAMEORIGIN","x-content-type-options":"nosniff","alt-svc":"h3-27=\":443\"; ma=2592000,h3-25=\":443\"; ma=2592000,h3-T050=\":443\"; ma=2592000,h3-Q050=\":443\"; ma=2592000,h3-Q046=\":443\"; ma=2592000,h3-Q043=\":443\"; ma=2592000,quic=\":443\"; ma=2592000; v=\"46,43\"","accept-ranges":"none","transfer-encoding":"chunked"}
[debug] [2020-06-27T23:05:56.475Z] [hosting][populate queue][FINAL] {"max":1939,"min":1939,"avg":1939,"active":0,"complete":1,"success":1,"errored":0,"retried":0,"total":1,"elapsed":1942}
[debug] [2020-06-27T23:05:56.475Z] [hosting] uploads queued: 3
[debug] [2020-06-27T23:06:02.207Z] [hosting][upload queue][FINAL] {"max":5735,"min":1509,"avg":4326,"active":0,"complete":3,"success":3,"errored":0,"retried":0,"total":3,"elapsed":5735}
[info] ✔  hosting[jennies-goodies]: file upload complete 
[debug] [2020-06-27T23:06:02.208Z] [hosting] deploy completed after 7922ms
[info] i  functions: updating Node.js 8 function addEventToCalendar(us-central1)... 
[debug] [2020-06-27T23:06:02.342Z] Trigger is:  {"httpsTrigger":{}}
[info] i  functions: updating Node.js 8 function getCalendarEvents(us-central1)... 
[debug] [2020-06-27T23:06:02.343Z] Trigger is:  {"httpsTrigger":{}}
[info] i  functions: updating Node.js 8 function updateCalendarEvent(us-central1)... 
[debug] [2020-06-27T23:06:02.343Z] Trigger is:  {"httpsTrigger":{}}
[info] i  functions: updating Node.js 8 function helloWorld(us-central1)... 
[debug] [2020-06-27T23:06:02.344Z] Trigger is:  {"httpsTrigger":{}}
[info] i  functions: updating Node.js 8 function getGeoCoordinates(us-central1)... 
[debug] [2020-06-27T23:06:02.344Z] Trigger is:  {"httpsTrigger":{}}
[info] i  functions: updating Node.js 8 function getDistance(us-central1)... 
[debug] [2020-06-27T23:06:02.345Z] Trigger is:  {"httpsTrigger":{}}
[info] i  functions: updating Node.js 8 function predictAddresses(us-central1)... 
[debug] [2020-06-27T23:06:02.345Z] Trigger is:  {"httpsTrigger":{}}
[debug] [2020-06-27T23:06:02.346Z] >>> HTTP REQUEST GET https://serviceusage.googleapis.com/v1/projects/jennies-goodies/services/cloudscheduler.googleapis.com  
 
[debug] [2020-06-27T23:06:02.574Z] <<< HTTP RESPONSE 200 {"content-type":"application/json; charset=UTF-8","vary":"X-Origin, Referer, Origin,Accept-Encoding","date":"Sat, 27 Jun 2020 23:06:02 GMT","server":"ESF","cache-control":"private","x-xss-protection":"0","x-frame-options":"SAMEORIGIN","x-content-type-options":"nosniff","alt-svc":"h3-27=\":443\"; ma=2592000,h3-25=\":443\"; ma=2592000,h3-T050=\":443\"; ma=2592000,h3-Q050=\":443\"; ma=2592000,h3-Q046=\":443\"; ma=2592000,h3-Q043=\":443\"; ma=2592000,quic=\":443\"; ma=2592000; v=\"46,43\"","accept-ranges":"none","transfer-encoding":"chunked"}
[debug] [2020-06-27T23:06:02.577Z] >>> HTTP REQUEST PATCH https://cloudfunctions.googleapis.com/v1/projects/jennies-goodies/locations/us-central1/functions/addEventToCalendar {"updateMask":"sourceUploadUrl,name,labels,runtime,environmentVariables,httpsTrigger"} 
 {"sourceUploadUrl":"https://storage.googleapis.com/gcf-upload-us-central1-c6462367-8249-4c7a-b0b0-227445ea1f2a/e96cdaf5-830d-42c4-82b0-a290a8e74c36.zip?GoogleAccessId=service-949455722879@gcf-admin-robot.iam.gserviceaccount.com&Expires=1593300950&Signature=e83fulpEukpqcC769Jy5CTR3pZiBisWyZ%2F4HzVZzaHc98ssnRCl%2B%2FeyfLk0WKqGvYMT3n3MfEGTIptPm5U%2FfxfwRCFzIzTnzsf0Dsq%2FSNAxRooYpVykBsY0FezCLmqlrFl04aoBteG6F7TE1UBqBhIQ4cituAFQqiO1UNQHD0mEN2ktuCohI9pG7cFQM4fYifh0uSCaNxHoyQlSkUeBebzauqtQDTfnuRoGh1NPiJ35ReFO1mLSPSYXVw7k1tAI%2B4sEDyyofBcju02c0Ckx4%2FKvNqg4uVeWk%2BO93yjI%2FVPRk7s8N6Tu3gsqBsQxi2hhgxo12CS7g%2FDsiR2VTWzTSAA%3D%3D","name":"projects/jennies-goodies/locations/us-central1/functions/addEventToCalendar","labels":{"deployment-tool":"cli-firebase"},"httpsTrigger":{},"runtime":"nodejs8","environmentVariables":{"FIREBASE_CONFIG":"{\"projectId\":\"jennies-goodies\",\"databaseURL\":\"https://jennies-goodies.firebaseio.com\",\"storageBucket\":\"jennies-goodies.appspot.com\",\"locationId\":\"us-central\"}"}}
[debug] [2020-06-27T23:06:02.579Z] >>> HTTP REQUEST PATCH https://cloudfunctions.googleapis.com/v1/projects/jennies-goodies/locations/us-central1/functions/getCalendarEvents {"updateMask":"sourceUploadUrl,name,labels,runtime,environmentVariables,httpsTrigger"} 
 {"sourceUploadUrl":"https://storage.googleapis.com/gcf-upload-us-central1-c6462367-8249-4c7a-b0b0-227445ea1f2a/e96cdaf5-830d-42c4-82b0-a290a8e74c36.zip?GoogleAccessId=service-949455722879@gcf-admin-robot.iam.gserviceaccount.com&Expires=1593300950&Signature=e83fulpEukpqcC769Jy5CTR3pZiBisWyZ%2F4HzVZzaHc98ssnRCl%2B%2FeyfLk0WKqGvYMT3n3MfEGTIptPm5U%2FfxfwRCFzIzTnzsf0Dsq%2FSNAxRooYpVykBsY0FezCLmqlrFl04aoBteG6F7TE1UBqBhIQ4cituAFQqiO1UNQHD0mEN2ktuCohI9pG7cFQM4fYifh0uSCaNxHoyQlSkUeBebzauqtQDTfnuRoGh1NPiJ35ReFO1mLSPSYXVw7k1tAI%2B4sEDyyofBcju02c0Ckx4%2FKvNqg4uVeWk%2BO93yjI%2FVPRk7s8N6Tu3gsqBsQxi2hhgxo12CS7g%2FDsiR2VTWzTSAA%3D%3D","name":"projects/jennies-goodies/locations/us-central1/functions/getCalendarEvents","labels":{"deployment-tool":"cli-firebase"},"httpsTrigger":{},"runtime":"nodejs8","environmentVariables":{"FIREBASE_CONFIG":"{\"projectId\":\"jennies-goodies\",\"databaseURL\":\"https://jennies-goodies.firebaseio.com\",\"storageBucket\":\"jennies-goodies.appspot.com\",\"locationId\":\"us-central\"}"}}
[debug] [2020-06-27T23:06:02.579Z] >>> HTTP REQUEST PATCH https://cloudfunctions.googleapis.com/v1/projects/jennies-goodies/locations/us-central1/functions/updateCalendarEvent {"updateMask":"sourceUploadUrl,name,labels,runtime,environmentVariables,httpsTrigger"} 
 {"sourceUploadUrl":"https://storage.googleapis.com/gcf-upload-us-central1-c6462367-8249-4c7a-b0b0-227445ea1f2a/e96cdaf5-830d-42c4-82b0-a290a8e74c36.zip?GoogleAccessId=service-949455722879@gcf-admin-robot.iam.gserviceaccount.com&Expires=1593300950&Signature=e83fulpEukpqcC769Jy5CTR3pZiBisWyZ%2F4HzVZzaHc98ssnRCl%2B%2FeyfLk0WKqGvYMT3n3MfEGTIptPm5U%2FfxfwRCFzIzTnzsf0Dsq%2FSNAxRooYpVykBsY0FezCLmqlrFl04aoBteG6F7TE1UBqBhIQ4cituAFQqiO1UNQHD0mEN2ktuCohI9pG7cFQM4fYifh0uSCaNxHoyQlSkUeBebzauqtQDTfnuRoGh1NPiJ35ReFO1mLSPSYXVw7k1tAI%2B4sEDyyofBcju02c0Ckx4%2FKvNqg4uVeWk%2BO93yjI%2FVPRk7s8N6Tu3gsqBsQxi2hhgxo12CS7g%2FDsiR2VTWzTSAA%3D%3D","name":"projects/jennies-goodies/locations/us-central1/functions/updateCalendarEvent","labels":{"deployment-tool":"cli-firebase"},"httpsTrigger":{},"runtime":"nodejs8","environmentVariables":{"FIREBASE_CONFIG":"{\"projectId\":\"jennies-goodies\",\"databaseURL\":\"https://jennies-goodies.firebaseio.com\",\"storageBucket\":\"jennies-goodies.appspot.com\",\"locationId\":\"us-central\"}"}}
[debug] [2020-06-27T23:06:02.580Z] >>> HTTP REQUEST PATCH https://cloudfunctions.googleapis.com/v1/projects/jennies-goodies/locations/us-central1/functions/helloWorld {"updateMask":"sourceUploadUrl,name,labels,runtime,environmentVariables,httpsTrigger"} 
 {"sourceUploadUrl":"https://storage.googleapis.com/gcf-upload-us-central1-c6462367-8249-4c7a-b0b0-227445ea1f2a/e96cdaf5-830d-42c4-82b0-a290a8e74c36.zip?GoogleAccessId=service-949455722879@gcf-admin-robot.iam.gserviceaccount.com&Expires=1593300950&Signature=e83fulpEukpqcC769Jy5CTR3pZiBisWyZ%2F4HzVZzaHc98ssnRCl%2B%2FeyfLk0WKqGvYMT3n3MfEGTIptPm5U%2FfxfwRCFzIzTnzsf0Dsq%2FSNAxRooYpVykBsY0FezCLmqlrFl04aoBteG6F7TE1UBqBhIQ4cituAFQqiO1UNQHD0mEN2ktuCohI9pG7cFQM4fYifh0uSCaNxHoyQlSkUeBebzauqtQDTfnuRoGh1NPiJ35ReFO1mLSPSYXVw7k1tAI%2B4sEDyyofBcju02c0Ckx4%2FKvNqg4uVeWk%2BO93yjI%2FVPRk7s8N6Tu3gsqBsQxi2hhgxo12CS7g%2FDsiR2VTWzTSAA%3D%3D","name":"projects/jennies-goodies/locations/us-central1/functions/helloWorld","labels":{"deployment-tool":"cli-firebase"},"httpsTrigger":{},"runtime":"nodejs8","environmentVariables":{"FIREBASE_CONFIG":"{\"projectId\":\"jennies-goodies\",\"databaseURL\":\"https://jennies-goodies.firebaseio.com\",\"storageBucket\":\"jennies-goodies.appspot.com\",\"locationId\":\"us-central\"}"}}
[debug] [2020-06-27T23:06:02.580Z] >>> HTTP REQUEST PATCH https://cloudfunctions.googleapis.com/v1/projects/jennies-goodies/locations/us-central1/functions/getGeoCoordinates {"updateMask":"sourceUploadUrl,name,labels,runtime,environmentVariables,httpsTrigger"} 
 {"sourceUploadUrl":"https://storage.googleapis.com/gcf-upload-us-central1-c6462367-8249-4c7a-b0b0-227445ea1f2a/e96cdaf5-830d-42c4-82b0-a290a8e74c36.zip?GoogleAccessId=service-949455722879@gcf-admin-robot.iam.gserviceaccount.com&Expires=1593300950&Signature=e83fulpEukpqcC769Jy5CTR3pZiBisWyZ%2F4HzVZzaHc98ssnRCl%2B%2FeyfLk0WKqGvYMT3n3MfEGTIptPm5U%2FfxfwRCFzIzTnzsf0Dsq%2FSNAxRooYpVykBsY0FezCLmqlrFl04aoBteG6F7TE1UBqBhIQ4cituAFQqiO1UNQHD0mEN2ktuCohI9pG7cFQM4fYifh0uSCaNxHoyQlSkUeBebzauqtQDTfnuRoGh1NPiJ35ReFO1mLSPSYXVw7k1tAI%2B4sEDyyofBcju02c0Ckx4%2FKvNqg4uVeWk%2BO93yjI%2FVPRk7s8N6Tu3gsqBsQxi2hhgxo12CS7g%2FDsiR2VTWzTSAA%3D%3D","name":"projects/jennies-goodies/locations/us-central1/functions/getGeoCoordinates","labels":{"deployment-tool":"cli-firebase"},"httpsTrigger":{},"runtime":"nodejs8","environmentVariables":{"FIREBASE_CONFIG":"{\"projectId\":\"jennies-goodies\",\"databaseURL\":\"https://jennies-goodies.firebaseio.com\",\"storageBucket\":\"jennies-goodies.appspot.com\",\"locationId\":\"us-central\"}"}}
[debug] [2020-06-27T23:06:02.581Z] >>> HTTP REQUEST PATCH https://cloudfunctions.googleapis.com/v1/projects/jennies-goodies/locations/us-central1/functions/getDistance {"updateMask":"sourceUploadUrl,name,labels,runtime,environmentVariables,httpsTrigger"} 
 {"sourceUploadUrl":"https://storage.googleapis.com/gcf-upload-us-central1-c6462367-8249-4c7a-b0b0-227445ea1f2a/e96cdaf5-830d-42c4-82b0-a290a8e74c36.zip?GoogleAccessId=service-949455722879@gcf-admin-robot.iam.gserviceaccount.com&Expires=1593300950&Signature=e83fulpEukpqcC769Jy5CTR3pZiBisWyZ%2F4HzVZzaHc98ssnRCl%2B%2FeyfLk0WKqGvYMT3n3MfEGTIptPm5U%2FfxfwRCFzIzTnzsf0Dsq%2FSNAxRooYpVykBsY0FezCLmqlrFl04aoBteG6F7TE1UBqBhIQ4cituAFQqiO1UNQHD0mEN2ktuCohI9pG7cFQM4fYifh0uSCaNxHoyQlSkUeBebzauqtQDTfnuRoGh1NPiJ35ReFO1mLSPSYXVw7k1tAI%2B4sEDyyofBcju02c0Ckx4%2FKvNqg4uVeWk%2BO93yjI%2FVPRk7s8N6Tu3gsqBsQxi2hhgxo12CS7g%2FDsiR2VTWzTSAA%3D%3D","name":"projects/jennies-goodies/locations/us-central1/functions/getDistance","labels":{"deployment-tool":"cli-firebase"},"httpsTrigger":{},"runtime":"nodejs8","environmentVariables":{"FIREBASE_CONFIG":"{\"projectId\":\"jennies-goodies\",\"databaseURL\":\"https://jennies-goodies.firebaseio.com\",\"storageBucket\":\"jennies-goodies.appspot.com\",\"locationId\":\"us-central\"}"}}
[debug] [2020-06-27T23:06:02.583Z] >>> HTTP REQUEST PATCH https://cloudfunctions.googleapis.com/v1/projects/jennies-goodies/locations/us-central1/functions/predictAddresses {"updateMask":"sourceUploadUrl,name,labels,runtime,environmentVariables,httpsTrigger"} 
 {"sourceUploadUrl":"https://storage.googleapis.com/gcf-upload-us-central1-c6462367-8249-4c7a-b0b0-227445ea1f2a/e96cdaf5-830d-42c4-82b0-a290a8e74c36.zip?GoogleAccessId=service-949455722879@gcf-admin-robot.iam.gserviceaccount.com&Expires=1593300950&Signature=e83fulpEukpqcC769Jy5CTR3pZiBisWyZ%2F4HzVZzaHc98ssnRCl%2B%2FeyfLk0WKqGvYMT3n3MfEGTIptPm5U%2FfxfwRCFzIzTnzsf0Dsq%2FSNAxRooYpVykBsY0FezCLmqlrFl04aoBteG6F7TE1UBqBhIQ4cituAFQqiO1UNQHD0mEN2ktuCohI9pG7cFQM4fYifh0uSCaNxHoyQlSkUeBebzauqtQDTfnuRoGh1NPiJ35ReFO1mLSPSYXVw7k1tAI%2B4sEDyyofBcju02c0Ckx4%2FKvNqg4uVeWk%2BO93yjI%2FVPRk7s8N6Tu3gsqBsQxi2hhgxo12CS7g%2FDsiR2VTWzTSAA%3D%3D","name":"projects/jennies-goodies/locations/us-central1/functions/predictAddresses","labels":{"deployment-tool":"cli-firebase"},"httpsTrigger":{},"runtime":"nodejs8","environmentVariables":{"FIREBASE_CONFIG":"{\"projectId\":\"jennies-goodies\",\"databaseURL\":\"https://jennies-goodies.firebaseio.com\",\"storageBucket\":\"jennies-goodies.appspot.com\",\"locationId\":\"us-central\"}"}}
[debug] [2020-06-27T23:06:03.334Z] <<< HTTP RESPONSE 200 {"content-type":"application/json; charset=UTF-8","vary":"X-Origin, Referer, Origin,Accept-Encoding","date":"Sat, 27 Jun 2020 23:06:03 GMT","server":"ESF","cache-control":"private","x-xss-protection":"0","x-frame-options":"SAMEORIGIN","x-content-type-options":"nosniff","alt-svc":"h3-27=\":443\"; ma=2592000,h3-25=\":443\"; ma=2592000,h3-T050=\":443\"; ma=2592000,h3-Q050=\":443\"; ma=2592000,h3-Q046=\":443\"; ma=2592000,h3-Q043=\":443\"; ma=2592000,quic=\":443\"; ma=2592000; v=\"46,43\"","accept-ranges":"none","transfer-encoding":"chunked"}
[debug] [2020-06-27T23:06:03.335Z] <<< HTTP RESPONSE 200 {"content-type":"application/json; charset=UTF-8","vary":"X-Origin, Referer, Origin,Accept-Encoding","date":"Sat, 27 Jun 2020 23:06:03 GMT","server":"ESF","cache-control":"private","x-xss-protection":"0","x-frame-options":"SAMEORIGIN","x-content-type-options":"nosniff","alt-svc":"h3-27=\":443\"; ma=2592000,h3-25=\":443\"; ma=2592000,h3-T050=\":443\"; ma=2592000,h3-Q050=\":443\"; ma=2592000,h3-Q046=\":443\"; ma=2592000,h3-Q043=\":443\"; ma=2592000,quic=\":443\"; ma=2592000; v=\"46,43\"","accept-ranges":"none","transfer-encoding":"chunked"}
[debug] [2020-06-27T23:06:03.336Z] <<< HTTP RESPONSE 200 {"content-type":"application/json; charset=UTF-8","vary":"X-Origin, Referer, Origin,Accept-Encoding","date":"Sat, 27 Jun 2020 23:06:03 GMT","server":"ESF","cache-control":"private","x-xss-protection":"0","x-frame-options":"SAMEORIGIN","x-content-type-options":"nosniff","alt-svc":"h3-27=\":443\"; ma=2592000,h3-25=\":443\"; ma=2592000,h3-T050=\":443\"; ma=2592000,h3-Q050=\":443\"; ma=2592000,h3-Q046=\":443\"; ma=2592000,h3-Q043=\":443\"; ma=2592000,quic=\":443\"; ma=2592000; v=\"46,43\"","accept-ranges":"none","transfer-encoding":"chunked"}
[debug] [2020-06-27T23:06:03.368Z] <<< HTTP RESPONSE 200 {"content-type":"application/json; charset=UTF-8","vary":"X-Origin, Referer, Origin,Accept-Encoding","date":"Sat, 27 Jun 2020 23:06:03 GMT","server":"ESF","cache-control":"private","x-xss-protection":"0","x-frame-options":"SAMEORIGIN","x-content-type-options":"nosniff","alt-svc":"h3-27=\":443\"; ma=2592000,h3-25=\":443\"; ma=2592000,h3-T050=\":443\"; ma=2592000,h3-Q050=\":443\"; ma=2592000,h3-Q046=\":443\"; ma=2592000,h3-Q043=\":443\"; ma=2592000,quic=\":443\"; ma=2592000; v=\"46,43\"","accept-ranges":"none","transfer-encoding":"chunked"}
[debug] [2020-06-27T23:06:03.371Z] <<< HTTP RESPONSE 200 {"content-type":"application/json; charset=UTF-8","vary":"X-Origin, Referer, Origin,Accept-Encoding","date":"Sat, 27 Jun 2020 23:06:03 GMT","server":"ESF","cache-control":"private","x-xss-protection":"0","x-frame-options":"SAMEORIGIN","x-content-type-options":"nosniff","alt-svc":"h3-27=\":443\"; ma=2592000,h3-25=\":443\"; ma=2592000,h3-T050=\":443\"; ma=2592000,h3-Q050=\":443\"; ma=2592000,h3-Q046=\":443\"; ma=2592000,h3-Q043=\":443\"; ma=2592000,quic=\":443\"; ma=2592000; v=\"46,43\"","accept-ranges":"none","transfer-encoding":"chunked"}
[debug] [2020-06-27T23:06:03.371Z] <<< HTTP RESPONSE 200 {"content-type":"application/json; charset=UTF-8","vary":"X-Origin, Referer, Origin,Accept-Encoding","date":"Sat, 27 Jun 2020 23:06:03 GMT","server":"ESF","cache-control":"private","x-xss-protection":"0","x-frame-options":"SAMEORIGIN","x-content-type-options":"nosniff","alt-svc":"h3-27=\":443\"; ma=2592000,h3-25=\":443\"; ma=2592000,h3-T050=\":443\"; ma=2592000,h3-Q050=\":443\"; ma=2592000,h3-Q046=\":443\"; ma=2592000,h3-Q043=\":443\"; ma=2592000,quic=\":443\"; ma=2592000; v=\"46,43\"","accept-ranges":"none","transfer-encoding":"chunked"}
[debug] [2020-06-27T23:06:03.706Z] <<< HTTP RESPONSE 200 {"content-type":"application/json; charset=UTF-8","vary":"X-Origin, Referer, Origin,Accept-Encoding","date":"Sat, 27 Jun 2020 23:06:03 GMT","server":"ESF","cache-control":"private","x-xss-protection":"0","x-frame-options":"SAMEORIGIN","x-content-type-options":"nosniff","alt-svc":"h3-27=\":443\"; ma=2592000,h3-25=\":443\"; ma=2592000,h3-T050=\":443\"; ma=2592000,h3-Q050=\":443\"; ma=2592000,h3-Q046=\":443\"; ma=2592000,h3-Q043=\":443\"; ma=2592000,quic=\":443\"; ma=2592000; v=\"46,43\"","accept-ranges":"none","transfer-encoding":"chunked"}
[debug] [2020-06-27T23:06:03.708Z] >>> HTTP REQUEST GET https://cloudfunctions.googleapis.com/v1/projects/jennies-goodies/locations/-/functions  
 
[debug] [2020-06-27T23:06:05.187Z] <<< HTTP RESPONSE 200 {"content-type":"application/json; charset=UTF-8","vary":"X-Origin, Referer, Origin,Accept-Encoding","date":"Sat, 27 Jun 2020 23:06:04 GMT","server":"ESF","cache-control":"private","x-xss-protection":"0","x-frame-options":"SAMEORIGIN","x-content-type-options":"nosniff","alt-svc":"h3-27=\":443\"; ma=2592000,h3-25=\":443\"; ma=2592000,h3-T050=\":443\"; ma=2592000,h3-Q050=\":443\"; ma=2592000,h3-Q046=\":443\"; ma=2592000,h3-Q043=\":443\"; ma=2592000,quic=\":443\"; ma=2592000; v=\"46,43\"","accept-ranges":"none","transfer-encoding":"chunked"}
[debug] [2020-06-27T23:06:05.188Z] >>> HTTP REQUEST GET https://cloudfunctions.googleapis.com/v1/operations/amVubmllcy1nb29kaWVzL3VzLWNlbnRyYWwxL2FkZEV2ZW50VG9DYWxlbmRhci9PcnlfNkZaV2FsUQ  
 
[debug] [2020-06-27T23:06:05.189Z] >>> HTTP REQUEST GET https://cloudfunctions.googleapis.com/v1/operations/amVubmllcy1nb29kaWVzL3VzLWNlbnRyYWwxL2dldENhbGVuZGFyRXZlbnRzL2U2Z1FpOTI0eDhz  
 
[debug] [2020-06-27T23:06:05.189Z] >>> HTTP REQUEST GET https://cloudfunctions.googleapis.com/v1/operations/amVubmllcy1nb29kaWVzL3VzLWNlbnRyYWwxL3VwZGF0ZUNhbGVuZGFyRXZlbnQvV2JJLTdkUnVOX0E  
 
[debug] [2020-06-27T23:06:05.189Z] >>> HTTP REQUEST GET https://cloudfunctions.googleapis.com/v1/operations/amVubmllcy1nb29kaWVzL3VzLWNlbnRyYWwxL2hlbGxvV29ybGQvZGxqSlRIM19VU3c  
 
[debug] [2020-06-27T23:06:05.190Z] >>> HTTP REQUEST GET https://cloudfunctions.googleapis.com/v1/operations/amVubmllcy1nb29kaWVzL3VzLWNlbnRyYWwxL2dldEdlb0Nvb3JkaW5hdGVzL0lYYXFZcXM5RFRN  
 
[debug] [2020-06-27T23:06:05.190Z] >>> HTTP REQUEST GET https://cloudfunctions.googleapis.com/v1/operations/amVubmllcy1nb29kaWVzL3VzLWNlbnRyYWwxL2dldERpc3RhbmNlL0JzeWJnbndVVWo0  
 
[debug] [2020-06-27T23:06:05.190Z] >>> HTTP REQUEST GET https://cloudfunctions.googleapis.com/v1/operations/amVubmllcy1nb29kaWVzL3VzLWNlbnRyYWwxL3ByZWRpY3RBZGRyZXNzZXMvY1NiODZyejFtYjA  
 
[debug] [2020-06-27T23:06:05.596Z] <<< HTTP RESPONSE 200 {"content-type":"application/json; charset=UTF-8","vary":"X-Origin, Referer, Origin,Accept-Encoding","date":"Sat, 27 Jun 2020 23:06:05 GMT","server":"ESF","cache-control":"private","x-xss-protection":"0","x-frame-options":"SAMEORIGIN","x-content-type-options":"nosniff","alt-svc":"h3-27=\":443\"; ma=2592000,h3-25=\":443\"; ma=2592000,h3-T050=\":443\"; ma=2592000,h3-Q050=\":443\"; ma=2592000,h3-Q046=\":443\"; ma=2592000,h3-Q043=\":443\"; ma=2592000,quic=\":443\"; ma=2592000; v=\"46,43\"","accept-ranges":"none","transfer-encoding":"chunked"}
[debug] [2020-06-27T23:06:05.598Z] <<< HTTP RESPONSE 200 {"content-type":"application/json; charset=UTF-8","vary":"X-Origin, Referer, Origin,Accept-Encoding","date":"Sat, 27 Jun 2020 23:06:05 GMT","server":"ESF","cache-control":"private","x-xss-protection":"0","x-frame-options":"SAMEORIGIN","x-content-type-options":"nosniff","alt-svc":"h3-27=\":443\"; ma=2592000,h3-25=\":443\"; ma=2592000,h3-T050=\":443\"; ma=2592000,h3-Q050=\":443\"; ma=2592000,h3-Q046=\":443\"; ma=2592000,h3-Q043=\":443\"; ma=2592000,quic=\":443\"; ma=2592000; v=\"46,43\"","accept-ranges":"none","transfer-encoding":"chunked"}
[debug] [2020-06-27T23:06:05.599Z] <<< HTTP RESPONSE 200 {"content-type":"application/json; charset=UTF-8","vary":"X-Origin, Referer, Origin,Accept-Encoding","date":"Sat, 27 Jun 2020 23:06:05 GMT","server":"ESF","cache-control":"private","x-xss-protection":"0","x-frame-options":"SAMEORIGIN","x-content-type-options":"nosniff","alt-svc":"h3-27=\":443\"; ma=2592000,h3-25=\":443\"; ma=2592000,h3-T050=\":443\"; ma=2592000,h3-Q050=\":443\"; ma=2592000,h3-Q046=\":443\"; ma=2592000,h3-Q043=\":443\"; ma=2592000,quic=\":443\"; ma=2592000; v=\"46,43\"","accept-ranges":"none","transfer-encoding":"chunked"}
[debug] [2020-06-27T23:06:05.600Z] <<< HTTP RESPONSE 200 {"content-type":"application/json; charset=UTF-8","vary":"X-Origin, Referer, Origin,Accept-Encoding","date":"Sat, 27 Jun 2020 23:06:05 GMT","server":"ESF","cache-control":"private","x-xss-protection":"0","x-frame-options":"SAMEORIGIN","x-content-type-options":"nosniff","alt-svc":"h3-27=\":443\"; ma=2592000,h3-25=\":443\"; ma=2592000,h3-T050=\":443\"; ma=2592000,h3-Q050=\":443\"; ma=2592000,h3-Q046=\":443\"; ma=2592000,h3-Q043=\":443\"; ma=2592000,quic=\":443\"; ma=2592000; v=\"46,43\"","accept-ranges":"none","transfer-encoding":"chunked"}
[debug] [2020-06-27T23:06:05.607Z] <<< HTTP RESPONSE 200 {"content-type":"application/json; charset=UTF-8","vary":"X-Origin, Referer, Origin,Accept-Encoding","date":"Sat, 27 Jun 2020 23:06:05 GMT","server":"ESF","cache-control":"private","x-xss-protection":"0","x-frame-options":"SAMEORIGIN","x-content-type-options":"nosniff","alt-svc":"h3-27=\":443\"; ma=2592000,h3-25=\":443\"; ma=2592000,h3-T050=\":443\"; ma=2592000,h3-Q050=\":443\"; ma=2592000,h3-Q046=\":443\"; ma=2592000,h3-Q043=\":443\"; ma=2592000,quic=\":443\"; ma=2592000; v=\"46,43\"","accept-ranges":"none","transfer-encoding":"chunked"}
[debug] [2020-06-27T23:06:05.609Z] <<< HTTP RESPONSE 200 {"content-type":"application/json; charset=UTF-8","vary":"X-Origin, Referer, Origin,Accept-Encoding","date":"Sat, 27 Jun 2020 23:06:05 GMT","server":"ESF","cache-control":"private","x-xss-protection":"0","x-frame-options":"SAMEORIGIN","x-content-type-options":"nosniff","alt-svc":"h3-27=\":443\"; ma=2592000,h3-25=\":443\"; ma=2592000,h3-T050=\":443\"; ma=2592000,h3-Q050=\":443\"; ma=2592000,h3-Q046=\":443\"; ma=2592000,h3-Q043=\":443\"; ma=2592000,quic=\":443\"; ma=2592000; v=\"46,43\"","accept-ranges":"none","transfer-encoding":"chunked"}
[debug] [2020-06-27T23:06:05.611Z] <<< HTTP RESPONSE 200 {"content-type":"application/json; charset=UTF-8","vary":"X-Origin, Referer, Origin,Accept-Encoding","date":"Sat, 27 Jun 2020 23:06:05 GMT","server":"ESF","cache-control":"private","x-xss-protection":"0","x-frame-options":"SAMEORIGIN","x-content-type-options":"nosniff","alt-svc":"h3-27=\":443\"; ma=2592000,h3-25=\":443\"; ma=2592000,h3-T050=\":443\"; ma=2592000,h3-Q050=\":443\"; ma=2592000,h3-Q046=\":443\"; ma=2592000,h3-Q043=\":443\"; ma=2592000,quic=\":443\"; ma=2592000; v=\"46,43\"","accept-ranges":"none","transfer-encoding":"chunked"}
[debug] [2020-06-27T23:06:07.601Z] >>> HTTP REQUEST GET https://cloudfunctions.googleapis.com/v1/operations/amVubmllcy1nb29kaWVzL3VzLWNlbnRyYWwxL2dldEdlb0Nvb3JkaW5hdGVzL0lYYXFZcXM5RFRN  
 
[debug] [2020-06-27T23:06:07.602Z] >>> HTTP REQUEST GET https://cloudfunctions.googleapis.com/v1/operations/amVubmllcy1nb29kaWVzL3VzLWNlbnRyYWwxL2dldERpc3RhbmNlL0JzeWJnbndVVWo0  
 
[debug] [2020-06-27T23:06:07.602Z] >>> HTTP REQUEST GET https://cloudfunctions.googleapis.com/v1/operations/amVubmllcy1nb29kaWVzL3VzLWNlbnRyYWwxL2FkZEV2ZW50VG9DYWxlbmRhci9PcnlfNkZaV2FsUQ  
 
[debug] [2020-06-27T23:06:07.603Z] >>> HTTP REQUEST GET https://cloudfunctions.googleapis.com/v1/operations/amVubmllcy1nb29kaWVzL3VzLWNlbnRyYWwxL2dldENhbGVuZGFyRXZlbnRzL2U2Z1FpOTI0eDhz  
 
[debug] [2020-06-27T23:06:07.609Z] >>> HTTP REQUEST GET https://cloudfunctions.googleapis.com/v1/operations/amVubmllcy1nb29kaWVzL3VzLWNlbnRyYWwxL3VwZGF0ZUNhbGVuZGFyRXZlbnQvV2JJLTdkUnVOX0E  
 
[debug] [2020-06-27T23:06:07.611Z] >>> HTTP REQUEST GET https://cloudfunctions.googleapis.com/v1/operations/amVubmllcy1nb29kaWVzL3VzLWNlbnRyYWwxL3ByZWRpY3RBZGRyZXNzZXMvY1NiODZyejFtYjA  
 
[debug] [2020-06-27T23:06:07.613Z] >>> HTTP REQUEST GET https://cloudfunctions.googleapis.com/v1/operations/amVubmllcy1nb29kaWVzL3VzLWNlbnRyYWwxL2hlbGxvV29ybGQvZGxqSlRIM19VU3c  
 
[debug] [2020-06-27T23:06:07.829Z] <<< HTTP RESPONSE 200 {"content-type":"application/json; charset=UTF-8","vary":"X-Origin, Referer, Origin,Accept-Encoding","date":"Sat, 27 Jun 2020 23:06:07 GMT","server":"ESF","cache-control":"private","x-xss-protection":"0","x-frame-options":"SAMEORIGIN","x-content-type-options":"nosniff","alt-svc":"h3-27=\":443\"; ma=2592000,h3-25=\":443\"; ma=2592000,h3-T050=\":443\"; ma=2592000,h3-Q050=\":443\"; ma=2592000,h3-Q046=\":443\"; ma=2592000,h3-Q043=\":443\"; ma=2592000,quic=\":443\"; ma=2592000; v=\"46,43\"","accept-ranges":"none","transfer-encoding":"chunked"}
[debug] [2020-06-27T23:06:07.834Z] <<< HTTP RESPONSE 200 {"content-type":"application/json; charset=UTF-8","vary":"X-Origin, Referer, Origin,Accept-Encoding","date":"Sat, 27 Jun 2020 23:06:07 GMT","server":"ESF","cache-control":"private","x-xss-protection":"0","x-frame-options":"SAMEORIGIN","x-content-type-options":"nosniff","alt-svc":"h3-27=\":443\"; ma=2592000,h3-25=\":443\"; ma=2592000,h3-T050=\":443\"; ma=2592000,h3-Q050=\":443\"; ma=2592000,h3-Q046=\":443\"; ma=2592000,h3-Q043=\":443\"; ma=2592000,quic=\":443\"; ma=2592000; v=\"46,43\"","accept-ranges":"none","transfer-encoding":"chunked"}
[debug] [2020-06-27T23:06:07.840Z] <<< HTTP RESPONSE 200 {"content-type":"application/json; charset=UTF-8","vary":"X-Origin, Referer, Origin,Accept-Encoding","date":"Sat, 27 Jun 2020 23:06:07 GMT","server":"ESF","cache-control":"private","x-xss-protection":"0","x-frame-options":"SAMEORIGIN","x-content-type-options":"nosniff","alt-svc":"h3-27=\":443\"; ma=2592000,h3-25=\":443\"; ma=2592000,h3-T050=\":443\"; ma=2592000,h3-Q050=\":443\"; ma=2592000,h3-Q046=\":443\"; ma=2592000,h3-Q043=\":443\"; ma=2592000,quic=\":443\"; ma=2592000; v=\"46,43\"","accept-ranges":"none","transfer-encoding":"chunked"}
[debug] [2020-06-27T23:06:07.840Z] <<< HTTP RESPONSE 200 {"content-type":"application/json; charset=UTF-8","vary":"X-Origin, Referer, Origin,Accept-Encoding","date":"Sat, 27 Jun 2020 23:06:07 GMT","server":"ESF","cache-control":"private","x-xss-protection":"0","x-frame-options":"SAMEORIGIN","x-content-type-options":"nosniff","alt-svc":"h3-27=\":443\"; ma=2592000,h3-25=\":443\"; ma=2592000,h3-T050=\":443\"; ma=2592000,h3-Q050=\":443\"; ma=2592000,h3-Q046=\":443\"; ma=2592000,h3-Q043=\":443\"; ma=2592000,quic=\":443\"; ma=2592000; v=\"46,43\"","accept-ranges":"none","transfer-encoding":"chunked"}
[debug] [2020-06-27T23:06:07.842Z] <<< HTTP RESPONSE 200 {"content-type":"application/json; charset=UTF-8","vary":"X-Origin, Referer, Origin,Accept-Encoding","date":"Sat, 27 Jun 2020 23:06:07 GMT","server":"ESF","cache-control":"private","x-xss-protection":"0","x-frame-options":"SAMEORIGIN","x-content-type-options":"nosniff","alt-svc":"h3-27=\":443\"; ma=2592000,h3-25=\":443\"; ma=2592000,h3-T050=\":443\"; ma=2592000,h3-Q050=\":443\"; ma=2592000,h3-Q046=\":443\"; ma=2592000,h3-Q043=\":443\"; ma=2592000,quic=\":443\"; ma=2592000; v=\"46,43\"","accept-ranges":"none","transfer-encoding":"chunked"}
[debug] [2020-06-27T23:06:07.846Z] <<< HTTP RESPONSE 200 {"content-type":"application/json; charset=UTF-8","vary":"X-Origin, Referer, Origin,Accept-Encoding","date":"Sat, 27 Jun 2020 23:06:07 GMT","server":"ESF","cache-control":"private","x-xss-protection":"0","x-frame-options":"SAMEORIGIN","x-content-type-options":"nosniff","alt-svc":"h3-27=\":443\"; ma=2592000,h3-25=\":443\"; ma=2592000,h3-T050=\":443\"; ma=2592000,h3-Q050=\":443\"; ma=2592000,h3-Q046=\":443\"; ma=2592000,h3-Q043=\":443\"; ma=2592000,quic=\":443\"; ma=2592000; v=\"46,43\"","accept-ranges":"none","transfer-encoding":"chunked"}
[debug] [2020-06-27T23:06:07.850Z] <<< HTTP RESPONSE 200 {"content-type":"application/json; charset=UTF-8","vary":"X-Origin, Referer, Origin,Accept-Encoding","date":"Sat, 27 Jun 2020 23:06:07 GMT","server":"ESF","cache-control":"private","x-xss-protection":"0","x-frame-options":"SAMEORIGIN","x-content-type-options":"nosniff","alt-svc":"h3-27=\":443\"; ma=2592000,h3-25=\":443\"; ma=2592000,h3-T050=\":443\"; ma=2592000,h3-Q050=\":443\"; ma=2592000,h3-Q046=\":443\"; ma=2592000,h3-Q043=\":443\"; ma=2592000,quic=\":443\"; ma=2592000; v=\"46,43\"","accept-ranges":"none","transfer-encoding":"chunked"}
[debug] [2020-06-27T23:06:09.835Z] >>> HTTP REQUEST GET https://cloudfunctions.googleapis.com/v1/operations/amVubmllcy1nb29kaWVzL3VzLWNlbnRyYWwxL3ByZWRpY3RBZGRyZXNzZXMvY1NiODZyejFtYjA  
 
[debug] [2020-06-27T23:06:09.836Z] >>> HTTP REQUEST GET https://cloudfunctions.googleapis.com/v1/operations/amVubmllcy1nb29kaWVzL3VzLWNlbnRyYWwxL2dldERpc3RhbmNlL0JzeWJnbndVVWo0  
 
[debug] [2020-06-27T23:06:09.841Z] >>> HTTP REQUEST GET https://cloudfunctions.googleapis.com/v1/operations/amVubmllcy1nb29kaWVzL3VzLWNlbnRyYWwxL3VwZGF0ZUNhbGVuZGFyRXZlbnQvV2JJLTdkUnVOX0E  
 
[debug] [2020-06-27T23:06:09.841Z] >>> HTTP REQUEST GET https://cloudfunctions.googleapis.com/v1/operations/amVubmllcy1nb29kaWVzL3VzLWNlbnRyYWwxL2FkZEV2ZW50VG9DYWxlbmRhci9PcnlfNkZaV2FsUQ  
 
[debug] [2020-06-27T23:06:09.845Z] >>> HTTP REQUEST GET https://cloudfunctions.googleapis.com/v1/operations/amVubmllcy1nb29kaWVzL3VzLWNlbnRyYWwxL2hlbGxvV29ybGQvZGxqSlRIM19VU3c  
 
[debug] [2020-06-27T23:06:09.847Z] >>> HTTP REQUEST GET https://cloudfunctions.googleapis.com/v1/operations/amVubmllcy1nb29kaWVzL3VzLWNlbnRyYWwxL2dldENhbGVuZGFyRXZlbnRzL2U2Z1FpOTI0eDhz  
 
[debug] [2020-06-27T23:06:09.853Z] >>> HTTP REQUEST GET https://cloudfunctions.googleapis.com/v1/operations/amVubmllcy1nb29kaWVzL3VzLWNlbnRyYWwxL2dldEdlb0Nvb3JkaW5hdGVzL0lYYXFZcXM5RFRN  
 
[debug] [2020-06-27T23:06:10.004Z] <<< HTTP RESPONSE 200 {"content-type":"application/json; charset=UTF-8","vary":"X-Origin, Referer, Origin,Accept-Encoding","date":"Sat, 27 Jun 2020 23:06:09 GMT","server":"ESF","cache-control":"private","x-xss-protection":"0","x-frame-options":"SAMEORIGIN","x-content-type-options":"nosniff","alt-svc":"h3-27=\":443\"; ma=2592000,h3-25=\":443\"; ma=2592000,h3-T050=\":443\"; ma=2592000,h3-Q050=\":443\"; ma=2592000,h3-Q046=\":443\"; ma=2592000,h3-Q043=\":443\"; ma=2592000,quic=\":443\"; ma=2592000; v=\"46,43\"","accept-ranges":"none","transfer-encoding":"chunked"}
[debug] [2020-06-27T23:06:10.019Z] <<< HTTP RESPONSE 200 {"content-type":"application/json; charset=UTF-8","vary":"X-Origin, Referer, Origin,Accept-Encoding","date":"Sat, 27 Jun 2020 23:06:09 GMT","server":"ESF","cache-control":"private","x-xss-protection":"0","x-frame-options":"SAMEORIGIN","x-content-type-options":"nosniff","alt-svc":"h3-27=\":443\"; ma=2592000,h3-25=\":443\"; ma=2592000,h3-T050=\":443\"; ma=2592000,h3-Q050=\":443\"; ma=2592000,h3-Q046=\":443\"; ma=2592000,h3-Q043=\":443\"; ma=2592000,quic=\":443\"; ma=2592000; v=\"46,43\"","accept-ranges":"none","transfer-encoding":"chunked"}
[debug] [2020-06-27T23:06:10.029Z] <<< HTTP RESPONSE 200 {"content-type":"application/json; charset=UTF-8","vary":"X-Origin, Referer, Origin,Accept-Encoding","date":"Sat, 27 Jun 2020 23:06:09 GMT","server":"ESF","cache-control":"private","x-xss-protection":"0","x-frame-options":"SAMEORIGIN","x-content-type-options":"nosniff","alt-svc":"h3-27=\":443\"; ma=2592000,h3-25=\":443\"; ma=2592000,h3-T050=\":443\"; ma=2592000,h3-Q050=\":443\"; ma=2592000,h3-Q046=\":443\"; ma=2592000,h3-Q043=\":443\"; ma=2592000,quic=\":443\"; ma=2592000; v=\"46,43\"","accept-ranges":"none","transfer-encoding":"chunked"}
[debug] [2020-06-27T23:06:10.030Z] <<< HTTP RESPONSE 200 {"content-type":"application/json; charset=UTF-8","vary":"X-Origin, Referer, Origin,Accept-Encoding","date":"Sat, 27 Jun 2020 23:06:09 GMT","server":"ESF","cache-control":"private","x-xss-protection":"0","x-frame-options":"SAMEORIGIN","x-content-type-options":"nosniff","alt-svc":"h3-27=\":443\"; ma=2592000,h3-25=\":443\"; ma=2592000,h3-T050=\":443\"; ma=2592000,h3-Q050=\":443\"; ma=2592000,h3-Q046=\":443\"; ma=2592000,h3-Q043=\":443\"; ma=2592000,quic=\":443\"; ma=2592000; v=\"46,43\"","accept-ranges":"none","transfer-encoding":"chunked"}
[debug] [2020-06-27T23:06:10.036Z] <<< HTTP RESPONSE 200 {"content-type":"application/json; charset=UTF-8","vary":"X-Origin, Referer, Origin,Accept-Encoding","date":"Sat, 27 Jun 2020 23:06:10 GMT","server":"ESF","cache-control":"private","x-xss-protection":"0","x-frame-options":"SAMEORIGIN","x-content-type-options":"nosniff","alt-svc":"h3-27=\":443\"; ma=2592000,h3-25=\":443\"; ma=2592000,h3-T050=\":443\"; ma=2592000,h3-Q050=\":443\"; ma=2592000,h3-Q046=\":443\"; ma=2592000,h3-Q043=\":443\"; ma=2592000,quic=\":443\"; ma=2592000; v=\"46,43\"","accept-ranges":"none","transfer-encoding":"chunked"}
[debug] [2020-06-27T23:06:10.037Z] <<< HTTP RESPONSE 200 {"content-type":"application/json; charset=UTF-8","vary":"X-Origin, Referer, Origin,Accept-Encoding","date":"Sat, 27 Jun 2020 23:06:10 GMT","server":"ESF","cache-control":"private","x-xss-protection":"0","x-frame-options":"SAMEORIGIN","x-content-type-options":"nosniff","alt-svc":"h3-27=\":443\"; ma=2592000,h3-25=\":443\"; ma=2592000,h3-T050=\":443\"; ma=2592000,h3-Q050=\":443\"; ma=2592000,h3-Q046=\":443\"; ma=2592000,h3-Q043=\":443\"; ma=2592000,quic=\":443\"; ma=2592000; v=\"46,43\"","accept-ranges":"none","transfer-encoding":"chunked"}
[debug] [2020-06-27T23:06:10.041Z] <<< HTTP RESPONSE 200 {"content-type":"application/json; charset=UTF-8","vary":"X-Origin, Referer, Origin,Accept-Encoding","date":"Sat, 27 Jun 2020 23:06:10 GMT","server":"ESF","cache-control":"private","x-xss-protection":"0","x-frame-options":"SAMEORIGIN","x-content-type-options":"nosniff","alt-svc":"h3-27=\":443\"; ma=2592000,h3-25=\":443\"; ma=2592000,h3-T050=\":443\"; ma=2592000,h3-Q050=\":443\"; ma=2592000,h3-Q046=\":443\"; ma=2592000,h3-Q043=\":443\"; ma=2592000,quic=\":443\"; ma=2592000; v=\"46,43\"","accept-ranges":"none","transfer-encoding":"chunked"}
[debug] [2020-06-27T23:06:12.007Z] >>> HTTP REQUEST GET https://cloudfunctions.googleapis.com/v1/operations/amVubmllcy1nb29kaWVzL3VzLWNlbnRyYWwxL3ByZWRpY3RBZGRyZXNzZXMvY1NiODZyejFtYjA  
 
[debug] [2020-06-27T23:06:12.023Z] >>> HTTP REQUEST GET https://cloudfunctions.googleapis.com/v1/operations/amVubmllcy1nb29kaWVzL3VzLWNlbnRyYWwxL2FkZEV2ZW50VG9DYWxlbmRhci9PcnlfNkZaV2FsUQ  
 
[debug] [2020-06-27T23:06:12.030Z] >>> HTTP REQUEST GET https://cloudfunctions.googleapis.com/v1/operations/amVubmllcy1nb29kaWVzL3VzLWNlbnRyYWwxL2dldENhbGVuZGFyRXZlbnRzL2U2Z1FpOTI0eDhz  
 
[debug] [2020-06-27T23:06:12.032Z] >>> HTTP REQUEST GET https://cloudfunctions.googleapis.com/v1/operations/amVubmllcy1nb29kaWVzL3VzLWNlbnRyYWwxL3VwZGF0ZUNhbGVuZGFyRXZlbnQvV2JJLTdkUnVOX0E  
 
[debug] [2020-06-27T23:06:12.037Z] >>> HTTP REQUEST GET https://cloudfunctions.googleapis.com/v1/operations/amVubmllcy1nb29kaWVzL3VzLWNlbnRyYWwxL2dldERpc3RhbmNlL0JzeWJnbndVVWo0  
 
[debug] [2020-06-27T23:06:12.040Z] >>> HTTP REQUEST GET https://cloudfunctions.googleapis.com/v1/operations/amVubmllcy1nb29kaWVzL3VzLWNlbnRyYWwxL2dldEdlb0Nvb3JkaW5hdGVzL0lYYXFZcXM5RFRN  
 
[debug] [2020-06-27T23:06:12.042Z] >>> HTTP REQUEST GET https://cloudfunctions.googleapis.com/v1/operations/amVubmllcy1nb29kaWVzL3VzLWNlbnRyYWwxL2hlbGxvV29ybGQvZGxqSlRIM19VU3c  
 
[debug] [2020-06-27T23:06:12.220Z] <<< HTTP RESPONSE 200 {"content-type":"application/json; charset=UTF-8","vary":"X-Origin, Referer, Origin,Accept-Encoding","date":"Sat, 27 Jun 2020 23:06:12 GMT","server":"ESF","cache-control":"private","x-xss-protection":"0","x-frame-options":"SAMEORIGIN","x-content-type-options":"nosniff","alt-svc":"h3-27=\":443\"; ma=2592000,h3-25=\":443\"; ma=2592000,h3-T050=\":443\"; ma=2592000,h3-Q050=\":443\"; ma=2592000,h3-Q046=\":443\"; ma=2592000,h3-Q043=\":443\"; ma=2592000,quic=\":443\"; ma=2592000; v=\"46,43\"","accept-ranges":"none","transfer-encoding":"chunked"}
[debug] [2020-06-27T23:06:12.248Z] <<< HTTP RESPONSE 200 {"content-type":"application/json; charset=UTF-8","vary":"X-Origin, Referer, Origin,Accept-Encoding","date":"Sat, 27 Jun 2020 23:06:12 GMT","server":"ESF","cache-control":"private","x-xss-protection":"0","x-frame-options":"SAMEORIGIN","x-content-type-options":"nosniff","alt-svc":"h3-27=\":443\"; ma=2592000,h3-25=\":443\"; ma=2592000,h3-T050=\":443\"; ma=2592000,h3-Q050=\":443\"; ma=2592000,h3-Q046=\":443\"; ma=2592000,h3-Q043=\":443\"; ma=2592000,quic=\":443\"; ma=2592000; v=\"46,43\"","accept-ranges":"none","transfer-encoding":"chunked"}
[debug] [2020-06-27T23:06:12.288Z] <<< HTTP RESPONSE 200 {"content-type":"application/json; charset=UTF-8","vary":"X-Origin, Referer, Origin,Accept-Encoding","date":"Sat, 27 Jun 2020 23:06:12 GMT","server":"ESF","cache-control":"private","x-xss-protection":"0","x-frame-options":"SAMEORIGIN","x-content-type-options":"nosniff","alt-svc":"h3-27=\":443\"; ma=2592000,h3-25=\":443\"; ma=2592000,h3-T050=\":443\"; ma=2592000,h3-Q050=\":443\"; ma=2592000,h3-Q046=\":443\"; ma=2592000,h3-Q043=\":443\"; ma=2592000,quic=\":443\"; ma=2592000; v=\"46,43\"","accept-ranges":"none","transfer-encoding":"chunked"}
[debug] [2020-06-27T23:06:12.293Z] <<< HTTP RESPONSE 200 {"content-type":"application/json; charset=UTF-8","vary":"X-Origin, Referer, Origin,Accept-Encoding","date":"Sat, 27 Jun 2020 23:06:12 GMT","server":"ESF","cache-control":"private","x-xss-protection":"0","x-frame-options":"SAMEORIGIN","x-content-type-options":"nosniff","alt-svc":"h3-27=\":443\"; ma=2592000,h3-25=\":443\"; ma=2592000,h3-T050=\":443\"; ma=2592000,h3-Q050=\":443\"; ma=2592000,h3-Q046=\":443\"; ma=2592000,h3-Q043=\":443\"; ma=2592000,quic=\":443\"; ma=2592000; v=\"46,43\"","accept-ranges":"none","transfer-encoding":"chunked"}
[debug] [2020-06-27T23:06:12.319Z] <<< HTTP RESPONSE 200 {"content-type":"application/json; charset=UTF-8","vary":"X-Origin, Referer, Origin,Accept-Encoding","date":"Sat, 27 Jun 2020 23:06:12 GMT","server":"ESF","cache-control":"private","x-xss-protection":"0","x-frame-options":"SAMEORIGIN","x-content-type-options":"nosniff","alt-svc":"h3-27=\":443\"; ma=2592000,h3-25=\":443\"; ma=2592000,h3-T050=\":443\"; ma=2592000,h3-Q050=\":443\"; ma=2592000,h3-Q046=\":443\"; ma=2592000,h3-Q043=\":443\"; ma=2592000,quic=\":443\"; ma=2592000; v=\"46,43\"","accept-ranges":"none","transfer-encoding":"chunked"}
[debug] [2020-06-27T23:06:12.580Z] <<< HTTP RESPONSE 200 {"content-type":"application/json; charset=UTF-8","vary":"X-Origin, Referer, Origin,Accept-Encoding","date":"Sat, 27 Jun 2020 23:06:12 GMT","server":"ESF","cache-control":"private","x-xss-protection":"0","x-frame-options":"SAMEORIGIN","x-content-type-options":"nosniff","alt-svc":"h3-27=\":443\"; ma=2592000,h3-25=\":443\"; ma=2592000,h3-T050=\":443\"; ma=2592000,h3-Q050=\":443\"; ma=2592000,h3-Q046=\":443\"; ma=2592000,h3-Q043=\":443\"; ma=2592000,quic=\":443\"; ma=2592000; v=\"46,43\"","accept-ranges":"none","transfer-encoding":"chunked"}
[debug] [2020-06-27T23:06:12.581Z] <<< HTTP RESPONSE 200 {"content-type":"application/json; charset=UTF-8","vary":"X-Origin, Referer, Origin,Accept-Encoding","date":"Sat, 27 Jun 2020 23:06:12 GMT","server":"ESF","cache-control":"private","x-xss-protection":"0","x-frame-options":"SAMEORIGIN","x-content-type-options":"nosniff","alt-svc":"h3-27=\":443\"; ma=2592000,h3-25=\":443\"; ma=2592000,h3-T050=\":443\"; ma=2592000,h3-Q050=\":443\"; ma=2592000,h3-Q046=\":443\"; ma=2592000,h3-Q043=\":443\"; ma=2592000,quic=\":443\"; ma=2592000; v=\"46,43\"","accept-ranges":"none","transfer-encoding":"chunked"}
[debug] [2020-06-27T23:06:14.223Z] >>> HTTP REQUEST GET https://cloudfunctions.googleapis.com/v1/operations/amVubmllcy1nb29kaWVzL3VzLWNlbnRyYWwxL3ByZWRpY3RBZGRyZXNzZXMvY1NiODZyejFtYjA  
 
[debug] [2020-06-27T23:06:14.251Z] >>> HTTP REQUEST GET https://cloudfunctions.googleapis.com/v1/operations/amVubmllcy1nb29kaWVzL3VzLWNlbnRyYWwxL2FkZEV2ZW50VG9DYWxlbmRhci9PcnlfNkZaV2FsUQ  
 
[debug] [2020-06-27T23:06:14.294Z] >>> HTTP REQUEST GET https://cloudfunctions.googleapis.com/v1/operations/amVubmllcy1nb29kaWVzL3VzLWNlbnRyYWwxL3VwZGF0ZUNhbGVuZGFyRXZlbnQvV2JJLTdkUnVOX0E  
 
[debug] [2020-06-27T23:06:14.295Z] >>> HTTP REQUEST GET https://cloudfunctions.googleapis.com/v1/operations/amVubmllcy1nb29kaWVzL3VzLWNlbnRyYWwxL2hlbGxvV29ybGQvZGxqSlRIM19VU3c  
 
[debug] [2020-06-27T23:06:14.321Z] >>> HTTP REQUEST GET https://cloudfunctions.googleapis.com/v1/operations/amVubmllcy1nb29kaWVzL3VzLWNlbnRyYWwxL2dldENhbGVuZGFyRXZlbnRzL2U2Z1FpOTI0eDhz  
 
[debug] [2020-06-27T23:06:14.454Z] <<< HTTP RESPONSE 200 {"content-type":"application/json; charset=UTF-8","vary":"X-Origin, Referer, Origin,Accept-Encoding","date":"Sat, 27 Jun 2020 23:06:14 GMT","server":"ESF","cache-control":"private","x-xss-protection":"0","x-frame-options":"SAMEORIGIN","x-content-type-options":"nosniff","alt-svc":"h3-27=\":443\"; ma=2592000,h3-25=\":443\"; ma=2592000,h3-T050=\":443\"; ma=2592000,h3-Q050=\":443\"; ma=2592000,h3-Q046=\":443\"; ma=2592000,h3-Q043=\":443\"; ma=2592000,quic=\":443\"; ma=2592000; v=\"46,43\"","accept-ranges":"none","transfer-encoding":"chunked"}
[debug] [2020-06-27T23:06:14.547Z] <<< HTTP RESPONSE 200 {"content-type":"application/json; charset=UTF-8","vary":"X-Origin, Referer, Origin,Accept-Encoding","date":"Sat, 27 Jun 2020 23:06:14 GMT","server":"ESF","cache-control":"private","x-xss-protection":"0","x-frame-options":"SAMEORIGIN","x-content-type-options":"nosniff","alt-svc":"h3-27=\":443\"; ma=2592000,h3-25=\":443\"; ma=2592000,h3-T050=\":443\"; ma=2592000,h3-Q050=\":443\"; ma=2592000,h3-Q046=\":443\"; ma=2592000,h3-Q043=\":443\"; ma=2592000,quic=\":443\"; ma=2592000; v=\"46,43\"","accept-ranges":"none","transfer-encoding":"chunked"}
[debug] [2020-06-27T23:06:14.548Z] <<< HTTP RESPONSE 200 {"content-type":"application/json; charset=UTF-8","vary":"X-Origin, Referer, Origin,Accept-Encoding","date":"Sat, 27 Jun 2020 23:06:14 GMT","server":"ESF","cache-control":"private","x-xss-protection":"0","x-frame-options":"SAMEORIGIN","x-content-type-options":"nosniff","alt-svc":"h3-27=\":443\"; ma=2592000,h3-25=\":443\"; ma=2592000,h3-T050=\":443\"; ma=2592000,h3-Q050=\":443\"; ma=2592000,h3-Q046=\":443\"; ma=2592000,h3-Q043=\":443\"; ma=2592000,quic=\":443\"; ma=2592000; v=\"46,43\"","accept-ranges":"none","transfer-encoding":"chunked"}
[debug] [2020-06-27T23:06:14.549Z] <<< HTTP RESPONSE 200 {"content-type":"application/json; charset=UTF-8","vary":"X-Origin, Referer, Origin,Accept-Encoding","date":"Sat, 27 Jun 2020 23:06:14 GMT","server":"ESF","cache-control":"private","x-xss-protection":"0","x-frame-options":"SAMEORIGIN","x-content-type-options":"nosniff","alt-svc":"h3-27=\":443\"; ma=2592000,h3-25=\":443\"; ma=2592000,h3-T050=\":443\"; ma=2592000,h3-Q050=\":443\"; ma=2592000,h3-Q046=\":443\"; ma=2592000,h3-Q043=\":443\"; ma=2592000,quic=\":443\"; ma=2592000; v=\"46,43\"","accept-ranges":"none","transfer-encoding":"chunked"}
[debug] [2020-06-27T23:06:14.584Z] >>> HTTP REQUEST GET https://cloudfunctions.googleapis.com/v1/operations/amVubmllcy1nb29kaWVzL3VzLWNlbnRyYWwxL2dldEdlb0Nvb3JkaW5hdGVzL0lYYXFZcXM5RFRN  
 
[debug] [2020-06-27T23:06:14.590Z] >>> HTTP REQUEST GET https://cloudfunctions.googleapis.com/v1/operations/amVubmllcy1nb29kaWVzL3VzLWNlbnRyYWwxL2dldERpc3RhbmNlL0JzeWJnbndVVWo0  
 
[debug] [2020-06-27T23:06:14.758Z] <<< HTTP RESPONSE 200 {"content-type":"application/json; charset=UTF-8","vary":"X-Origin, Referer, Origin,Accept-Encoding","date":"Sat, 27 Jun 2020 23:06:14 GMT","server":"ESF","cache-control":"private","x-xss-protection":"0","x-frame-options":"SAMEORIGIN","x-content-type-options":"nosniff","alt-svc":"h3-27=\":443\"; ma=2592000,h3-25=\":443\"; ma=2592000,h3-T050=\":443\"; ma=2592000,h3-Q050=\":443\"; ma=2592000,h3-Q046=\":443\"; ma=2592000,h3-Q043=\":443\"; ma=2592000,quic=\":443\"; ma=2592000; v=\"46,43\"","accept-ranges":"none","transfer-encoding":"chunked"}
[debug] [2020-06-27T23:06:14.934Z] <<< HTTP RESPONSE 200 {"content-type":"application/json; charset=UTF-8","vary":"X-Origin, Referer, Origin,Accept-Encoding","date":"Sat, 27 Jun 2020 23:06:14 GMT","server":"ESF","cache-control":"private","x-xss-protection":"0","x-frame-options":"SAMEORIGIN","x-content-type-options":"nosniff","alt-svc":"h3-27=\":443\"; ma=2592000,h3-25=\":443\"; ma=2592000,h3-T050=\":443\"; ma=2592000,h3-Q050=\":443\"; ma=2592000,h3-Q046=\":443\"; ma=2592000,h3-Q043=\":443\"; ma=2592000,quic=\":443\"; ma=2592000; v=\"46,43\"","accept-ranges":"none","transfer-encoding":"chunked"}
[debug] [2020-06-27T23:06:15.288Z] <<< HTTP RESPONSE 200 {"content-type":"application/json; charset=UTF-8","vary":"X-Origin, Referer, Origin,Accept-Encoding","date":"Sat, 27 Jun 2020 23:06:15 GMT","server":"ESF","cache-control":"private","x-xss-protection":"0","x-frame-options":"SAMEORIGIN","x-content-type-options":"nosniff","alt-svc":"h3-27=\":443\"; ma=2592000,h3-25=\":443\"; ma=2592000,h3-T050=\":443\"; ma=2592000,h3-Q050=\":443\"; ma=2592000,h3-Q046=\":443\"; ma=2592000,h3-Q043=\":443\"; ma=2592000,quic=\":443\"; ma=2592000; v=\"46,43\"","accept-ranges":"none","transfer-encoding":"chunked"}
[debug] [2020-06-27T23:06:16.460Z] >>> HTTP REQUEST GET https://cloudfunctions.googleapis.com/v1/operations/amVubmllcy1nb29kaWVzL3VzLWNlbnRyYWwxL3ByZWRpY3RBZGRyZXNzZXMvY1NiODZyejFtYjA  
 
[debug] [2020-06-27T23:06:16.547Z] >>> HTTP REQUEST GET https://cloudfunctions.googleapis.com/v1/operations/amVubmllcy1nb29kaWVzL3VzLWNlbnRyYWwxL2hlbGxvV29ybGQvZGxqSlRIM19VU3c  
 
[debug] [2020-06-27T23:06:16.550Z] >>> HTTP REQUEST GET https://cloudfunctions.googleapis.com/v1/operations/amVubmllcy1nb29kaWVzL3VzLWNlbnRyYWwxL2FkZEV2ZW50VG9DYWxlbmRhci9PcnlfNkZaV2FsUQ  
 
[debug] [2020-06-27T23:06:16.551Z] >>> HTTP REQUEST GET https://cloudfunctions.googleapis.com/v1/operations/amVubmllcy1nb29kaWVzL3VzLWNlbnRyYWwxL3VwZGF0ZUNhbGVuZGFyRXZlbnQvV2JJLTdkUnVOX0E  
 
